02-Mar-2020 12:28:31.711 信息 [main] org.apache.catalina.startup.VersionLoggerListener.log Server version:        Apache Tomcat/8.0.50
02-Mar-2020 12:28:31.767 信息 [main] org.apache.catalina.startup.VersionLoggerListener.log Server built:          Feb 7 2018 20:06:05 UTC
02-Mar-2020 12:28:31.769 信息 [main] org.apache.catalina.startup.VersionLoggerListener.log Server number:         8.0.50.0
02-Mar-2020 12:28:31.770 信息 [main] org.apache.catalina.startup.VersionLoggerListener.log OS Name:               Windows 10
02-Mar-2020 12:28:31.771 信息 [main] org.apache.catalina.startup.VersionLoggerListener.log OS Version:            10.0
02-Mar-2020 12:28:31.772 信息 [main] org.apache.catalina.startup.VersionLoggerListener.log Architecture:          amd64
02-Mar-2020 12:28:31.772 信息 [main] org.apache.catalina.startup.VersionLoggerListener.log Java Home:             C:\Program Files\Java\jre1.8.0_211
02-Mar-2020 12:28:31.772 信息 [main] org.apache.catalina.startup.VersionLoggerListener.log JVM Version:           1.8.0_211-b12
02-Mar-2020 12:28:31.773 信息 [main] org.apache.catalina.startup.VersionLoggerListener.log JVM Vendor:            Oracle Corporation
02-Mar-2020 12:28:31.773 信息 [main] org.apache.catalina.startup.VersionLoggerListener.log CATALINA_BASE:         D:\apache-tomcat-8.0.50\apache-tomcat-8.0.50
02-Mar-2020 12:28:31.774 信息 [main] org.apache.catalina.startup.VersionLoggerListener.log CATALINA_HOME:         D:\apache-tomcat-8.0.50\apache-tomcat-8.0.50
02-Mar-2020 12:28:31.774 信息 [main] org.apache.catalina.startup.VersionLoggerListener.log Command line argument: -Djava.util.logging.config.file=D:\apache-tomcat-8.0.50\apache-tomcat-8.0.50\conf\logging.properties
02-Mar-2020 12:28:31.775 信息 [main] org.apache.catalina.startup.VersionLoggerListener.log Command line argument: -Djava.util.logging.manager=org.apache.juli.ClassLoaderLogManager
02-Mar-2020 12:28:31.775 信息 [main] org.apache.catalina.startup.VersionLoggerListener.log Command line argument: -Djdk.tls.ephemeralDHKeySize=2048
02-Mar-2020 12:28:31.776 信息 [main] org.apache.catalina.startup.VersionLoggerListener.log Command line argument: -Djava.protocol.handler.pkgs=org.apache.catalina.webresources
02-Mar-2020 12:28:31.777 信息 [main] org.apache.catalina.startup.VersionLoggerListener.log Command line argument: -Dignore.endorsed.dirs=
02-Mar-2020 12:28:31.778 信息 [main] org.apache.catalina.startup.VersionLoggerListener.log Command line argument: -Dcatalina.base=D:\apache-tomcat-8.0.50\apache-tomcat-8.0.50
02-Mar-2020 12:28:31.786 信息 [main] org.apache.catalina.startup.VersionLoggerListener.log Command line argument: -Dcatalina.home=D:\apache-tomcat-8.0.50\apache-tomcat-8.0.50
02-Mar-2020 12:28:31.789 信息 [main] org.apache.catalina.startup.VersionLoggerListener.log Command line argument: -Djava.io.tmpdir=D:\apache-tomcat-8.0.50\apache-tomcat-8.0.50\temp
02-Mar-2020 12:28:31.800 信息 [main] org.apache.catalina.core.AprLifecycleListener.lifecycleEvent The APR based Apache Tomcat Native library which allows optimal performance in production environments was not found on the java.library.path: C:\Program Files\Java\jre1.8.0_211\bin;C:\WINDOWS\Sun\Java\bin;C:\WINDOWS\system32;C:\WINDOWS;D:\Python\Scripts\;D:\Python\;C:\Program Files\Java\jdk1.8.0_211\bin;C:\Program Files\Microsoft SQL Server\110\DTS\Binn\;C:\Program Files (x86)\Microsoft SQL Server\110\Tools\Binn\;C:\Program Files\Microsoft SQL Server\110\Tools\Binn\;C:\Program Files (x86)\Microsoft SQL Server\110\Tools\Binn\ManagementStudio\;D:\vs2010\Common7\IDE\PrivateAssemblies\;C:\Program Files (x86)\Microsoft SQL Server\110\DTS\Binn\;"D:\MySQL\mysql-5.7.25-winx64\mysql-5.7.25-winx64\bin;C:\WINDOWS\System32\Wbem";C:\windows\system32;D:\nodejs\;D:\git\Git\bin;D:\git\Git\mingw64\libexec\git-core;C:\MinGW\bin;;C:\WINDOWS\system32;C:\WINDOWS;C:\WINDOWS\System32\Wbem;C:\WINDOWS\System32\WindowsPowerShell\v1.0\;C:\WINDOWS\System32\OpenSSH\;C:\Program Files\Intel\WiFi\bin\;C:\Program Files\Common Files\Intel\WirelessCommon\;C:\Users\sjy\AppData\Local\Microsoft\WindowsApps;D:\J2EE\apache-maven-3.6.1-bin\apache-maven-3.6.1\bin;;D:\Python可视化工具\PyCharm Community Edition 2019.1.3\bin;D:\Fiddler;C:\Users\sjy\AppData\Roaming\npm;D:\VSCode\Microsoft VS Code\bin;C:\Users\sjy\AppData\Local\Microsoft\WindowsApps;.
02-Mar-2020 12:28:32.937 信息 [main] org.apache.coyote.AbstractProtocol.init Initializing ProtocolHandler ["http-nio-8080"]
02-Mar-2020 12:28:35.305 信息 [main] org.apache.tomcat.util.net.NioSelectorPool.getSharedSelector Using a shared selector for servlet write/read
02-Mar-2020 12:28:35.312 信息 [main] org.apache.coyote.AbstractProtocol.init Initializing ProtocolHandler ["ajp-nio-8009"]
02-Mar-2020 12:28:35.320 信息 [main] org.apache.tomcat.util.net.NioSelectorPool.getSharedSelector Using a shared selector for servlet write/read
02-Mar-2020 12:28:35.322 信息 [main] org.apache.catalina.startup.Catalina.load Initialization processed in 4762 ms
02-Mar-2020 12:28:35.398 信息 [main] org.apache.catalina.core.StandardService.startInternal Starting service Catalina
02-Mar-2020 12:28:35.398 信息 [main] org.apache.catalina.core.StandardEngine.startInternal Starting Servlet Engine: Apache Tomcat/8.0.50
02-Mar-2020 12:28:35.438 信息 [localhost-startStop-1] org.apache.catalina.startup.HostConfig.deployDirectory Deploying web application directory D:\apache-tomcat-8.0.50\apache-tomcat-8.0.50\webapps\chapter01
02-Mar-2020 12:28:36.443 信息 [localhost-startStop-1] org.apache.catalina.startup.HostConfig.deployDirectory Deployment of web application directory D:\apache-tomcat-8.0.50\apache-tomcat-8.0.50\webapps\chapter01 has finished in 1,018 ms
02-Mar-2020 12:28:36.446 信息 [localhost-startStop-1] org.apache.catalina.startup.HostConfig.deployDirectory Deploying web application directory D:\apache-tomcat-8.0.50\apache-tomcat-8.0.50\webapps\docs
02-Mar-2020 12:28:36.512 信息 [localhost-startStop-1] org.apache.catalina.startup.HostConfig.deployDirectory Deployment of web application directory D:\apache-tomcat-8.0.50\apache-tomcat-8.0.50\webapps\docs has finished in 66 ms
02-Mar-2020 12:28:36.513 信息 [localhost-startStop-1] org.apache.catalina.startup.HostConfig.deployDirectory Deploying web application directory D:\apache-tomcat-8.0.50\apache-tomcat-8.0.50\webapps\examples
02-Mar-2020 12:28:39.149 信息 [localhost-startStop-1] org.apache.catalina.startup.HostConfig.deployDirectory Deployment of web application directory D:\apache-tomcat-8.0.50\apache-tomcat-8.0.50\webapps\examples has finished in 2,637 ms
02-Mar-2020 12:28:39.150 信息 [localhost-startStop-1] org.apache.catalina.startup.HostConfig.deployDirectory Deploying web application directory D:\apache-tomcat-8.0.50\apache-tomcat-8.0.50\webapps\host-manager
02-Mar-2020 12:28:39.235 信息 [localhost-startStop-1] org.apache.catalina.startup.HostConfig.deployDirectory Deployment of web application directory D:\apache-tomcat-8.0.50\apache-tomcat-8.0.50\webapps\host-manager has finished in 85 ms
02-Mar-2020 12:28:39.236 信息 [localhost-startStop-1] org.apache.catalina.startup.HostConfig.deployDirectory Deploying web application directory D:\apache-tomcat-8.0.50\apache-tomcat-8.0.50\webapps\manager
02-Mar-2020 12:28:39.322 信息 [localhost-startStop-1] org.apache.catalina.startup.HostConfig.deployDirectory Deployment of web application directory D:\apache-tomcat-8.0.50\apache-tomcat-8.0.50\webapps\manager has finished in 86 ms
02-Mar-2020 12:28:39.324 信息 [localhost-startStop-1] org.apache.catalina.startup.HostConfig.deployDirectory Deploying web application directory D:\apache-tomcat-8.0.50\apache-tomcat-8.0.50\webapps\ROOT
02-Mar-2020 12:28:39.384 信息 [localhost-startStop-1] org.apache.catalina.startup.HostConfig.deployDirectory Deployment of web application directory D:\apache-tomcat-8.0.50\apache-tomcat-8.0.50\webapps\ROOT has finished in 60 ms
02-Mar-2020 12:28:39.395 信息 [main] org.apache.coyote.AbstractProtocol.start Starting ProtocolHandler ["http-nio-8080"]
02-Mar-2020 12:28:39.418 信息 [main] org.apache.coyote.AbstractProtocol.start Starting ProtocolHandler ["ajp-nio-8009"]
02-Mar-2020 12:28:39.427 信息 [main] org.apache.catalina.startup.Catalina.start Server startup in 4103 ms
02-Mar-2020 12:30:19.152 信息 [main] org.apache.catalina.startup.VersionLoggerListener.log Server version:        Apache Tomcat/8.0.50
02-Mar-2020 12:30:19.159 信息 [main] org.apache.catalina.startup.VersionLoggerListener.log Server built:          Feb 7 2018 20:06:05 UTC
02-Mar-2020 12:30:19.160 信息 [main] org.apache.catalina.startup.VersionLoggerListener.log Server number:         8.0.50.0
02-Mar-2020 12:30:19.161 信息 [main] org.apache.catalina.startup.VersionLoggerListener.log OS Name:               Windows 10
02-Mar-2020 12:30:19.161 信息 [main] org.apache.catalina.startup.VersionLoggerListener.log OS Version:            10.0
02-Mar-2020 12:30:19.161 信息 [main] org.apache.catalina.startup.VersionLoggerListener.log Architecture:          amd64
02-Mar-2020 12:30:19.162 信息 [main] org.apache.catalina.startup.VersionLoggerListener.log Java Home:             C:\Program Files\Java\jre1.8.0_211
02-Mar-2020 12:30:19.162 信息 [main] org.apache.catalina.startup.VersionLoggerListener.log JVM Version:           1.8.0_211-b12
02-Mar-2020 12:30:19.163 信息 [main] org.apache.catalina.startup.VersionLoggerListener.log JVM Vendor:            Oracle Corporation
02-Mar-2020 12:30:19.163 信息 [main] org.apache.catalina.startup.VersionLoggerListener.log CATALINA_BASE:         D:\apache-tomcat-8.0.50\apache-tomcat-8.0.50
02-Mar-2020 12:30:19.163 信息 [main] org.apache.catalina.startup.VersionLoggerListener.log CATALINA_HOME:         D:\apache-tomcat-8.0.50\apache-tomcat-8.0.50
02-Mar-2020 12:30:19.164 信息 [main] org.apache.catalina.startup.VersionLoggerListener.log Command line argument: -Djava.util.logging.config.file=D:\apache-tomcat-8.0.50\apache-tomcat-8.0.50\conf\logging.properties
02-Mar-2020 12:30:19.165 信息 [main] org.apache.catalina.startup.VersionLoggerListener.log Command line argument: -Djava.util.logging.manager=org.apache.juli.ClassLoaderLogManager
02-Mar-2020 12:30:19.165 信息 [main] org.apache.catalina.startup.VersionLoggerListener.log Command line argument: -Djdk.tls.ephemeralDHKeySize=2048
02-Mar-2020 12:30:19.165 信息 [main] org.apache.catalina.startup.VersionLoggerListener.log Command line argument: -Djava.protocol.handler.pkgs=org.apache.catalina.webresources
02-Mar-2020 12:30:19.166 信息 [main] org.apache.catalina.startup.VersionLoggerListener.log Command line argument: -Dignore.endorsed.dirs=
02-Mar-2020 12:30:19.166 信息 [main] org.apache.catalina.startup.VersionLoggerListener.log Command line argument: -Dcatalina.base=D:\apache-tomcat-8.0.50\apache-tomcat-8.0.50
02-Mar-2020 12:30:19.168 信息 [main] org.apache.catalina.startup.VersionLoggerListener.log Command line argument: -Dcatalina.home=D:\apache-tomcat-8.0.50\apache-tomcat-8.0.50
02-Mar-2020 12:30:19.173 信息 [main] org.apache.catalina.startup.VersionLoggerListener.log Command line argument: -Djava.io.tmpdir=D:\apache-tomcat-8.0.50\apache-tomcat-8.0.50\temp
02-Mar-2020 12:30:19.175 信息 [main] org.apache.catalina.core.AprLifecycleListener.lifecycleEvent The APR based Apache Tomcat Native library which allows optimal performance in production environments was not found on the java.library.path: C:\Program Files\Java\jre1.8.0_211\bin;C:\WINDOWS\Sun\Java\bin;C:\WINDOWS\system32;C:\WINDOWS;D:\Python\Scripts\;D:\Python\;C:\Program Files\Java\jdk1.8.0_211\bin;C:\Program Files\Microsoft SQL Server\110\DTS\Binn\;C:\Program Files (x86)\Microsoft SQL Server\110\Tools\Binn\;C:\Program Files\Microsoft SQL Server\110\Tools\Binn\;C:\Program Files (x86)\Microsoft SQL Server\110\Tools\Binn\ManagementStudio\;D:\vs2010\Common7\IDE\PrivateAssemblies\;C:\Program Files (x86)\Microsoft SQL Server\110\DTS\Binn\;"D:\MySQL\mysql-5.7.25-winx64\mysql-5.7.25-winx64\bin;C:\WINDOWS\System32\Wbem";C:\windows\system32;D:\nodejs\;D:\git\Git\bin;D:\git\Git\mingw64\libexec\git-core;C:\MinGW\bin;;C:\WINDOWS\system32;C:\WINDOWS;C:\WINDOWS\System32\Wbem;C:\WINDOWS\System32\WindowsPowerShell\v1.0\;C:\WINDOWS\System32\OpenSSH\;C:\Program Files\Intel\WiFi\bin\;C:\Program Files\Common Files\Intel\WirelessCommon\;C:\Users\sjy\AppData\Local\Microsoft\WindowsApps;D:\J2EE\apache-maven-3.6.1-bin\apache-maven-3.6.1\bin;;D:\Python可视化工具\PyCharm Community Edition 2019.1.3\bin;D:\Fiddler;C:\Users\sjy\AppData\Roaming\npm;D:\VSCode\Microsoft VS Code\bin;C:\Users\sjy\AppData\Local\Microsoft\WindowsApps;.
02-Mar-2020 12:30:19.467 信息 [main] org.apache.coyote.AbstractProtocol.init Initializing ProtocolHandler ["http-nio-8080"]
02-Mar-2020 12:30:21.464 信息 [main] org.apache.tomcat.util.net.NioSelectorPool.getSharedSelector Using a shared selector for servlet write/read
02-Mar-2020 12:30:21.472 信息 [main] org.apache.coyote.AbstractProtocol.init Initializing ProtocolHandler ["ajp-nio-8009"]
02-Mar-2020 12:30:21.479 信息 [main] org.apache.tomcat.util.net.NioSelectorPool.getSharedSelector Using a shared selector for servlet write/read
02-Mar-2020 12:30:21.483 信息 [main] org.apache.catalina.startup.Catalina.load Initialization processed in 3222 ms
02-Mar-2020 12:30:21.534 信息 [main] org.apache.catalina.core.StandardService.startInternal Starting service Catalina
02-Mar-2020 12:30:21.535 信息 [main] org.apache.catalina.core.StandardEngine.startInternal Starting Servlet Engine: Apache Tomcat/8.0.50
02-Mar-2020 12:30:21.562 信息 [localhost-startStop-1] org.apache.catalina.startup.HostConfig.deployDirectory Deploying web application directory D:\apache-tomcat-8.0.50\apache-tomcat-8.0.50\webapps\chapter01
02-Mar-2020 12:30:22.203 信息 [localhost-startStop-1] org.apache.catalina.startup.HostConfig.deployDirectory Deployment of web application directory D:\apache-tomcat-8.0.50\apache-tomcat-8.0.50\webapps\chapter01 has finished in 651 ms
02-Mar-2020 12:30:22.205 信息 [localhost-startStop-1] org.apache.catalina.startup.HostConfig.deployDirectory Deploying web application directory D:\apache-tomcat-8.0.50\apache-tomcat-8.0.50\webapps\docs
02-Mar-2020 12:30:22.266 信息 [localhost-startStop-1] org.apache.catalina.startup.HostConfig.deployDirectory Deployment of web application directory D:\apache-tomcat-8.0.50\apache-tomcat-8.0.50\webapps\docs has finished in 62 ms
02-Mar-2020 12:30:22.271 信息 [localhost-startStop-1] org.apache.catalina.startup.HostConfig.deployDirectory Deploying web application directory D:\apache-tomcat-8.0.50\apache-tomcat-8.0.50\webapps\examples
02-Mar-2020 12:30:23.096 信息 [localhost-startStop-1] org.apache.catalina.startup.HostConfig.deployDirectory Deployment of web application directory D:\apache-tomcat-8.0.50\apache-tomcat-8.0.50\webapps\examples has finished in 827 ms
02-Mar-2020 12:30:23.097 信息 [localhost-startStop-1] org.apache.catalina.startup.HostConfig.deployDirectory Deploying web application directory D:\apache-tomcat-8.0.50\apache-tomcat-8.0.50\webapps\host-manager
02-Mar-2020 12:30:23.151 信息 [localhost-startStop-1] org.apache.catalina.startup.HostConfig.deployDirectory Deployment of web application directory D:\apache-tomcat-8.0.50\apache-tomcat-8.0.50\webapps\host-manager has finished in 54 ms
02-Mar-2020 12:30:23.152 信息 [localhost-startStop-1] org.apache.catalina.startup.HostConfig.deployDirectory Deploying web application directory D:\apache-tomcat-8.0.50\apache-tomcat-8.0.50\webapps\manager
02-Mar-2020 12:30:23.215 信息 [localhost-startStop-1] org.apache.catalina.startup.HostConfig.deployDirectory Deployment of web application directory D:\apache-tomcat-8.0.50\apache-tomcat-8.0.50\webapps\manager has finished in 63 ms
02-Mar-2020 12:30:23.216 信息 [localhost-startStop-1] org.apache.catalina.startup.HostConfig.deployDirectory Deploying web application directory D:\apache-tomcat-8.0.50\apache-tomcat-8.0.50\webapps\ROOT
02-Mar-2020 12:30:23.264 信息 [localhost-startStop-1] org.apache.catalina.startup.HostConfig.deployDirectory Deployment of web application directory D:\apache-tomcat-8.0.50\apache-tomcat-8.0.50\webapps\ROOT has finished in 48 ms
02-Mar-2020 12:30:23.274 信息 [main] org.apache.coyote.AbstractProtocol.start Starting ProtocolHandler ["http-nio-8080"]
02-Mar-2020 12:30:23.293 信息 [main] org.apache.coyote.AbstractProtocol.start Starting ProtocolHandler ["ajp-nio-8009"]
02-Mar-2020 12:30:23.303 信息 [main] org.apache.catalina.startup.Catalina.start Server startup in 1816 ms
