31-Dec-2019 18:33:43.057 信息 [main] org.apache.catalina.startup.VersionLoggerListener.log Server version:        Apache Tomcat/8.0.50
31-Dec-2019 18:33:43.092 信息 [main] org.apache.catalina.startup.VersionLoggerListener.log Server built:          Feb 7 2018 20:06:05 UTC
31-Dec-2019 18:33:43.093 信息 [main] org.apache.catalina.startup.VersionLoggerListener.log Server number:         8.0.50.0
31-Dec-2019 18:33:43.094 信息 [main] org.apache.catalina.startup.VersionLoggerListener.log OS Name:               Windows 10
31-Dec-2019 18:33:43.094 信息 [main] org.apache.catalina.startup.VersionLoggerListener.log OS Version:            10.0
31-Dec-2019 18:33:43.094 信息 [main] org.apache.catalina.startup.VersionLoggerListener.log Architecture:          amd64
31-Dec-2019 18:33:43.095 信息 [main] org.apache.catalina.startup.VersionLoggerListener.log Java Home:             C:\Program Files\Java\jre1.8.0_211
31-Dec-2019 18:33:43.095 信息 [main] org.apache.catalina.startup.VersionLoggerListener.log JVM Version:           1.8.0_211-b12
31-Dec-2019 18:33:43.096 信息 [main] org.apache.catalina.startup.VersionLoggerListener.log JVM Vendor:            Oracle Corporation
31-Dec-2019 18:33:43.096 信息 [main] org.apache.catalina.startup.VersionLoggerListener.log CATALINA_BASE:         D:\apache-tomcat-8.0.50\apache-tomcat-8.0.50
31-Dec-2019 18:33:43.096 信息 [main] org.apache.catalina.startup.VersionLoggerListener.log CATALINA_HOME:         D:\apache-tomcat-8.0.50\apache-tomcat-8.0.50
31-Dec-2019 18:33:43.097 信息 [main] org.apache.catalina.startup.VersionLoggerListener.log Command line argument: -Djava.util.logging.config.file=D:\apache-tomcat-8.0.50\apache-tomcat-8.0.50\conf\logging.properties
31-Dec-2019 18:33:43.097 信息 [main] org.apache.catalina.startup.VersionLoggerListener.log Command line argument: -Djava.util.logging.manager=org.apache.juli.ClassLoaderLogManager
31-Dec-2019 18:33:43.098 信息 [main] org.apache.catalina.startup.VersionLoggerListener.log Command line argument: -Djdk.tls.ephemeralDHKeySize=2048
31-Dec-2019 18:33:43.098 信息 [main] org.apache.catalina.startup.VersionLoggerListener.log Command line argument: -Djava.protocol.handler.pkgs=org.apache.catalina.webresources
31-Dec-2019 18:33:43.099 信息 [main] org.apache.catalina.startup.VersionLoggerListener.log Command line argument: -Dignore.endorsed.dirs=
31-Dec-2019 18:33:43.099 信息 [main] org.apache.catalina.startup.VersionLoggerListener.log Command line argument: -Dcatalina.base=D:\apache-tomcat-8.0.50\apache-tomcat-8.0.50
31-Dec-2019 18:33:43.101 信息 [main] org.apache.catalina.startup.VersionLoggerListener.log Command line argument: -Dcatalina.home=D:\apache-tomcat-8.0.50\apache-tomcat-8.0.50
31-Dec-2019 18:33:43.102 信息 [main] org.apache.catalina.startup.VersionLoggerListener.log Command line argument: -Djava.io.tmpdir=D:\apache-tomcat-8.0.50\apache-tomcat-8.0.50\temp
31-Dec-2019 18:33:43.114 信息 [main] org.apache.catalina.core.AprLifecycleListener.lifecycleEvent The APR based Apache Tomcat Native library which allows optimal performance in production environments was not found on the java.library.path: C:\Program Files\Java\jre1.8.0_211\bin;C:\WINDOWS\Sun\Java\bin;C:\WINDOWS\system32;C:\WINDOWS;D:\Python\Scripts\;D:\Python\;C:\Program Files\Java\jdk1.8.0_211\bin;C:\Program Files\Microsoft SQL Server\110\DTS\Binn\;C:\Program Files (x86)\Microsoft SQL Server\110\Tools\Binn\;C:\Program Files\Microsoft SQL Server\110\Tools\Binn\;C:\Program Files (x86)\Microsoft SQL Server\110\Tools\Binn\ManagementStudio\;D:\vs2010\Common7\IDE\PrivateAssemblies\;C:\Program Files (x86)\Microsoft SQL Server\110\DTS\Binn\;"D:\MySQL\mysql-5.7.25-winx64\mysql-5.7.25-winx64\bin;C:\WINDOWS\System32\Wbem";C:\windows\system32;D:\nodejs\;D:\git\Git\bin;D:\git\Git\mingw64\libexec\git-core;C:\MinGW\bin;;C:\WINDOWS\system32;C:\WINDOWS;C:\WINDOWS\System32\Wbem;C:\WINDOWS\System32\WindowsPowerShell\v1.0\;C:\WINDOWS\System32\OpenSSH\;C:\Program Files\Intel\WiFi\bin\;C:\Program Files\Common Files\Intel\WirelessCommon\;C:\Users\sjy\AppData\Local\Microsoft\WindowsApps;D:\J2EE\apache-maven-3.6.1-bin\apache-maven-3.6.1\bin;;D:\Python可视化工具\PyCharm Community Edition 2019.1.3\bin;D:\Fiddler;C:\Users\sjy\AppData\Roaming\npm;D:\VSCode\Microsoft VS Code\bin;C:\Users\sjy\AppData\Local\Microsoft\WindowsApps;.
31-Dec-2019 18:33:43.981 信息 [main] org.apache.coyote.AbstractProtocol.init Initializing ProtocolHandler ["http-nio-8080"]
31-Dec-2019 18:33:44.017 严重 [main] org.apache.coyote.AbstractProtocol.init Failed to initialize end point associated with ProtocolHandler ["http-nio-8080"]
 java.net.BindException: Address already in use: bind
	at sun.nio.ch.Net.bind0(Native Method)
	at sun.nio.ch.Net.bind(Unknown Source)
	at sun.nio.ch.Net.bind(Unknown Source)
	at sun.nio.ch.ServerSocketChannelImpl.bind(Unknown Source)
	at sun.nio.ch.ServerSocketAdaptor.bind(Unknown Source)
	at org.apache.tomcat.util.net.NioEndpoint.bind(NioEndpoint.java:350)
	at org.apache.tomcat.util.net.AbstractEndpoint.init(AbstractEndpoint.java:823)
	at org.apache.coyote.AbstractProtocol.init(AbstractProtocol.java:476)
	at org.apache.coyote.http11.AbstractHttp11JsseProtocol.init(AbstractHttp11JsseProtocol.java:120)
	at org.apache.catalina.connector.Connector.initInternal(Connector.java:960)
	at org.apache.catalina.util.LifecycleBase.init(LifecycleBase.java:102)
	at org.apache.catalina.core.StandardService.initInternal(StandardService.java:568)
	at org.apache.catalina.util.LifecycleBase.init(LifecycleBase.java:102)
	at org.apache.catalina.core.StandardServer.initInternal(StandardServer.java:871)
	at org.apache.catalina.util.LifecycleBase.init(LifecycleBase.java:102)
	at org.apache.catalina.startup.Catalina.load(Catalina.java:592)
	at org.apache.catalina.startup.Catalina.load(Catalina.java:615)
	at sun.reflect.NativeMethodAccessorImpl.invoke0(Native Method)
	at sun.reflect.NativeMethodAccessorImpl.invoke(Unknown Source)
	at sun.reflect.DelegatingMethodAccessorImpl.invoke(Unknown Source)
	at java.lang.reflect.Method.invoke(Unknown Source)
	at org.apache.catalina.startup.Bootstrap.load(Bootstrap.java:308)
	at org.apache.catalina.startup.Bootstrap.main(Bootstrap.java:482)

31-Dec-2019 18:33:44.023 严重 [main] org.apache.catalina.core.StandardService.initInternal Failed to initialize connector [Connector[HTTP/1.1-8080]]
 org.apache.catalina.LifecycleException: Failed to initialize component [Connector[HTTP/1.1-8080]]
	at org.apache.catalina.util.LifecycleBase.init(LifecycleBase.java:107)
	at org.apache.catalina.core.StandardService.initInternal(StandardService.java:568)
	at org.apache.catalina.util.LifecycleBase.init(LifecycleBase.java:102)
	at org.apache.catalina.core.StandardServer.initInternal(StandardServer.java:871)
	at org.apache.catalina.util.LifecycleBase.init(LifecycleBase.java:102)
	at org.apache.catalina.startup.Catalina.load(Catalina.java:592)
	at org.apache.catalina.startup.Catalina.load(Catalina.java:615)
	at sun.reflect.NativeMethodAccessorImpl.invoke0(Native Method)
	at sun.reflect.NativeMethodAccessorImpl.invoke(Unknown Source)
	at sun.reflect.DelegatingMethodAccessorImpl.invoke(Unknown Source)
	at java.lang.reflect.Method.invoke(Unknown Source)
	at org.apache.catalina.startup.Bootstrap.load(Bootstrap.java:308)
	at org.apache.catalina.startup.Bootstrap.main(Bootstrap.java:482)
Caused by: org.apache.catalina.LifecycleException: Protocol handler initialization failed
	at org.apache.catalina.connector.Connector.initInternal(Connector.java:962)
	at org.apache.catalina.util.LifecycleBase.init(LifecycleBase.java:102)
	... 12 more
Caused by: java.net.BindException: Address already in use: bind
	at sun.nio.ch.Net.bind0(Native Method)
	at sun.nio.ch.Net.bind(Unknown Source)
	at sun.nio.ch.Net.bind(Unknown Source)
	at sun.nio.ch.ServerSocketChannelImpl.bind(Unknown Source)
	at sun.nio.ch.ServerSocketAdaptor.bind(Unknown Source)
	at org.apache.tomcat.util.net.NioEndpoint.bind(NioEndpoint.java:350)
	at org.apache.tomcat.util.net.AbstractEndpoint.init(AbstractEndpoint.java:823)
	at org.apache.coyote.AbstractProtocol.init(AbstractProtocol.java:476)
	at org.apache.coyote.http11.AbstractHttp11JsseProtocol.init(AbstractHttp11JsseProtocol.java:120)
	at org.apache.catalina.connector.Connector.initInternal(Connector.java:960)
	... 13 more

31-Dec-2019 18:33:44.034 信息 [main] org.apache.coyote.AbstractProtocol.init Initializing ProtocolHandler ["ajp-nio-8009"]
31-Dec-2019 18:33:44.042 严重 [main] org.apache.coyote.AbstractProtocol.init Failed to initialize end point associated with ProtocolHandler ["ajp-nio-8009"]
 java.net.BindException: Address already in use: bind
	at sun.nio.ch.Net.bind0(Native Method)
	at sun.nio.ch.Net.bind(Unknown Source)
	at sun.nio.ch.Net.bind(Unknown Source)
	at sun.nio.ch.ServerSocketChannelImpl.bind(Unknown Source)
	at sun.nio.ch.ServerSocketAdaptor.bind(Unknown Source)
	at org.apache.tomcat.util.net.NioEndpoint.bind(NioEndpoint.java:350)
	at org.apache.tomcat.util.net.AbstractEndpoint.init(AbstractEndpoint.java:823)
	at org.apache.coyote.AbstractProtocol.init(AbstractProtocol.java:476)
	at org.apache.catalina.connector.Connector.initInternal(Connector.java:960)
	at org.apache.catalina.util.LifecycleBase.init(LifecycleBase.java:102)
	at org.apache.catalina.core.StandardService.initInternal(StandardService.java:568)
	at org.apache.catalina.util.LifecycleBase.init(LifecycleBase.java:102)
	at org.apache.catalina.core.StandardServer.initInternal(StandardServer.java:871)
	at org.apache.catalina.util.LifecycleBase.init(LifecycleBase.java:102)
	at org.apache.catalina.startup.Catalina.load(Catalina.java:592)
	at org.apache.catalina.startup.Catalina.load(Catalina.java:615)
	at sun.reflect.NativeMethodAccessorImpl.invoke0(Native Method)
	at sun.reflect.NativeMethodAccessorImpl.invoke(Unknown Source)
	at sun.reflect.DelegatingMethodAccessorImpl.invoke(Unknown Source)
	at java.lang.reflect.Method.invoke(Unknown Source)
	at org.apache.catalina.startup.Bootstrap.load(Bootstrap.java:308)
	at org.apache.catalina.startup.Bootstrap.main(Bootstrap.java:482)

31-Dec-2019 18:33:44.046 严重 [main] org.apache.catalina.core.StandardService.initInternal Failed to initialize connector [Connector[AJP/1.3-8009]]
 org.apache.catalina.LifecycleException: Failed to initialize component [Connector[AJP/1.3-8009]]
	at org.apache.catalina.util.LifecycleBase.init(LifecycleBase.java:107)
	at org.apache.catalina.core.StandardService.initInternal(StandardService.java:568)
	at org.apache.catalina.util.LifecycleBase.init(LifecycleBase.java:102)
	at org.apache.catalina.core.StandardServer.initInternal(StandardServer.java:871)
	at org.apache.catalina.util.LifecycleBase.init(LifecycleBase.java:102)
	at org.apache.catalina.startup.Catalina.load(Catalina.java:592)
	at org.apache.catalina.startup.Catalina.load(Catalina.java:615)
	at sun.reflect.NativeMethodAccessorImpl.invoke0(Native Method)
	at sun.reflect.NativeMethodAccessorImpl.invoke(Unknown Source)
	at sun.reflect.DelegatingMethodAccessorImpl.invoke(Unknown Source)
	at java.lang.reflect.Method.invoke(Unknown Source)
	at org.apache.catalina.startup.Bootstrap.load(Bootstrap.java:308)
	at org.apache.catalina.startup.Bootstrap.main(Bootstrap.java:482)
Caused by: org.apache.catalina.LifecycleException: Protocol handler initialization failed
	at org.apache.catalina.connector.Connector.initInternal(Connector.java:962)
	at org.apache.catalina.util.LifecycleBase.init(LifecycleBase.java:102)
	... 12 more
Caused by: java.net.BindException: Address already in use: bind
	at sun.nio.ch.Net.bind0(Native Method)
	at sun.nio.ch.Net.bind(Unknown Source)
	at sun.nio.ch.Net.bind(Unknown Source)
	at sun.nio.ch.ServerSocketChannelImpl.bind(Unknown Source)
	at sun.nio.ch.ServerSocketAdaptor.bind(Unknown Source)
	at org.apache.tomcat.util.net.NioEndpoint.bind(NioEndpoint.java:350)
	at org.apache.tomcat.util.net.AbstractEndpoint.init(AbstractEndpoint.java:823)
	at org.apache.coyote.AbstractProtocol.init(AbstractProtocol.java:476)
	at org.apache.catalina.connector.Connector.initInternal(Connector.java:960)
	... 13 more

31-Dec-2019 18:33:44.060 信息 [main] org.apache.catalina.startup.Catalina.load Initialization processed in 1895 ms
31-Dec-2019 18:33:44.124 信息 [main] org.apache.catalina.core.StandardService.startInternal Starting service Catalina
31-Dec-2019 18:33:44.124 信息 [main] org.apache.catalina.core.StandardEngine.startInternal Starting Servlet Engine: Apache Tomcat/8.0.50
31-Dec-2019 18:33:44.145 信息 [localhost-startStop-1] org.apache.catalina.startup.HostConfig.deployDirectory Deploying web application directory D:\apache-tomcat-8.0.50\apache-tomcat-8.0.50\webapps\docs
31-Dec-2019 18:33:46.182 警告 [localhost-startStop-1] org.apache.catalina.util.SessionIdGeneratorBase.createSecureRandom Creation of SecureRandom instance for session ID generation using [SHA1PRNG] took [1,530] milliseconds.
31-Dec-2019 18:33:46.228 信息 [localhost-startStop-1] org.apache.catalina.startup.HostConfig.deployDirectory Deployment of web application directory D:\apache-tomcat-8.0.50\apache-tomcat-8.0.50\webapps\docs has finished in 2,083 ms
31-Dec-2019 18:33:46.229 信息 [localhost-startStop-1] org.apache.catalina.startup.HostConfig.deployDirectory Deploying web application directory D:\apache-tomcat-8.0.50\apache-tomcat-8.0.50\webapps\examples
31-Dec-2019 18:33:48.410 信息 [localhost-startStop-1] org.apache.catalina.startup.HostConfig.deployDirectory Deployment of web application directory D:\apache-tomcat-8.0.50\apache-tomcat-8.0.50\webapps\examples has finished in 2,181 ms
31-Dec-2019 18:33:48.411 信息 [localhost-startStop-1] org.apache.catalina.startup.HostConfig.deployDirectory Deploying web application directory D:\apache-tomcat-8.0.50\apache-tomcat-8.0.50\webapps\host-manager
31-Dec-2019 18:33:48.495 信息 [localhost-startStop-1] org.apache.catalina.startup.HostConfig.deployDirectory Deployment of web application directory D:\apache-tomcat-8.0.50\apache-tomcat-8.0.50\webapps\host-manager has finished in 84 ms
31-Dec-2019 18:33:48.497 信息 [localhost-startStop-1] org.apache.catalina.startup.HostConfig.deployDirectory Deploying web application directory D:\apache-tomcat-8.0.50\apache-tomcat-8.0.50\webapps\manager
31-Dec-2019 18:33:48.572 信息 [localhost-startStop-1] org.apache.catalina.startup.HostConfig.deployDirectory Deployment of web application directory D:\apache-tomcat-8.0.50\apache-tomcat-8.0.50\webapps\manager has finished in 75 ms
31-Dec-2019 18:33:48.573 信息 [localhost-startStop-1] org.apache.catalina.startup.HostConfig.deployDirectory Deploying web application directory D:\apache-tomcat-8.0.50\apache-tomcat-8.0.50\webapps\ROOT
31-Dec-2019 18:33:48.624 信息 [localhost-startStop-1] org.apache.catalina.startup.HostConfig.deployDirectory Deployment of web application directory D:\apache-tomcat-8.0.50\apache-tomcat-8.0.50\webapps\ROOT has finished in 51 ms
31-Dec-2019 18:33:48.633 信息 [main] org.apache.catalina.startup.Catalina.start Server startup in 4569 ms
31-Dec-2019 18:33:48.646 严重 [main] org.apache.catalina.core.StandardServer.await StandardServer.await: create[localhost:8005]: 
 java.net.BindException: Address already in use: JVM_Bind
	at java.net.DualStackPlainSocketImpl.bind0(Native Method)
	at java.net.DualStackPlainSocketImpl.socketBind(Unknown Source)
	at java.net.AbstractPlainSocketImpl.bind(Unknown Source)
	at java.net.PlainSocketImpl.bind(Unknown Source)
	at java.net.ServerSocket.bind(Unknown Source)
	at java.net.ServerSocket.<init>(Unknown Source)
	at org.apache.catalina.core.StandardServer.await(StandardServer.java:438)
	at org.apache.catalina.startup.Catalina.await(Catalina.java:729)
	at org.apache.catalina.startup.Catalina.start(Catalina.java:675)
	at sun.reflect.NativeMethodAccessorImpl.invoke0(Native Method)
	at sun.reflect.NativeMethodAccessorImpl.invoke(Unknown Source)
	at sun.reflect.DelegatingMethodAccessorImpl.invoke(Unknown Source)
	at java.lang.reflect.Method.invoke(Unknown Source)
	at org.apache.catalina.startup.Bootstrap.start(Bootstrap.java:349)
	at org.apache.catalina.startup.Bootstrap.main(Bootstrap.java:483)

31-Dec-2019 18:33:48.649 信息 [main] org.apache.coyote.AbstractProtocol.pause Pausing ProtocolHandler ["http-nio-8080"]
31-Dec-2019 18:33:48.653 信息 [main] org.apache.coyote.AbstractProtocol.pause Pausing ProtocolHandler ["ajp-nio-8009"]
31-Dec-2019 18:33:48.655 信息 [main] org.apache.catalina.core.StandardService.stopInternal Stopping service Catalina
31-Dec-2019 18:33:48.698 信息 [main] org.apache.coyote.AbstractProtocol.stop Stopping ProtocolHandler ["http-nio-8080"]
31-Dec-2019 18:33:48.699 信息 [main] org.apache.coyote.AbstractProtocol.destroy Destroying ProtocolHandler ["http-nio-8080"]
31-Dec-2019 18:33:48.701 信息 [main] org.apache.coyote.AbstractProtocol.stop Stopping ProtocolHandler ["ajp-nio-8009"]
31-Dec-2019 18:33:48.706 信息 [main] org.apache.coyote.AbstractProtocol.destroy Destroying ProtocolHandler ["ajp-nio-8009"]
31-Dec-2019 18:35:13.015 信息 [main] org.apache.catalina.startup.VersionLoggerListener.log Server version:        Apache Tomcat/8.0.50
31-Dec-2019 18:35:13.026 信息 [main] org.apache.catalina.startup.VersionLoggerListener.log Server built:          Feb 7 2018 20:06:05 UTC
31-Dec-2019 18:35:13.026 信息 [main] org.apache.catalina.startup.VersionLoggerListener.log Server number:         8.0.50.0
31-Dec-2019 18:35:13.027 信息 [main] org.apache.catalina.startup.VersionLoggerListener.log OS Name:               Windows 10
31-Dec-2019 18:35:13.028 信息 [main] org.apache.catalina.startup.VersionLoggerListener.log OS Version:            10.0
31-Dec-2019 18:35:13.028 信息 [main] org.apache.catalina.startup.VersionLoggerListener.log Architecture:          amd64
31-Dec-2019 18:35:13.029 信息 [main] org.apache.catalina.startup.VersionLoggerListener.log Java Home:             C:\Program Files\Java\jre1.8.0_211
31-Dec-2019 18:35:13.030 信息 [main] org.apache.catalina.startup.VersionLoggerListener.log JVM Version:           1.8.0_211-b12
31-Dec-2019 18:35:13.030 信息 [main] org.apache.catalina.startup.VersionLoggerListener.log JVM Vendor:            Oracle Corporation
31-Dec-2019 18:35:13.031 信息 [main] org.apache.catalina.startup.VersionLoggerListener.log CATALINA_BASE:         D:\apache-tomcat-8.0.50\apache-tomcat-8.0.50
31-Dec-2019 18:35:13.032 信息 [main] org.apache.catalina.startup.VersionLoggerListener.log CATALINA_HOME:         D:\apache-tomcat-8.0.50\apache-tomcat-8.0.50
31-Dec-2019 18:35:13.033 信息 [main] org.apache.catalina.startup.VersionLoggerListener.log Command line argument: -Djava.util.logging.config.file=D:\apache-tomcat-8.0.50\apache-tomcat-8.0.50\conf\logging.properties
31-Dec-2019 18:35:13.033 信息 [main] org.apache.catalina.startup.VersionLoggerListener.log Command line argument: -Djava.util.logging.manager=org.apache.juli.ClassLoaderLogManager
31-Dec-2019 18:35:13.034 信息 [main] org.apache.catalina.startup.VersionLoggerListener.log Command line argument: -Djdk.tls.ephemeralDHKeySize=2048
31-Dec-2019 18:35:13.035 信息 [main] org.apache.catalina.startup.VersionLoggerListener.log Command line argument: -Djava.protocol.handler.pkgs=org.apache.catalina.webresources
31-Dec-2019 18:35:13.038 信息 [main] org.apache.catalina.startup.VersionLoggerListener.log Command line argument: -Dignore.endorsed.dirs=
31-Dec-2019 18:35:13.040 信息 [main] org.apache.catalina.startup.VersionLoggerListener.log Command line argument: -Dcatalina.base=D:\apache-tomcat-8.0.50\apache-tomcat-8.0.50
31-Dec-2019 18:35:13.042 信息 [main] org.apache.catalina.startup.VersionLoggerListener.log Command line argument: -Dcatalina.home=D:\apache-tomcat-8.0.50\apache-tomcat-8.0.50
31-Dec-2019 18:35:13.044 信息 [main] org.apache.catalina.startup.VersionLoggerListener.log Command line argument: -Djava.io.tmpdir=D:\apache-tomcat-8.0.50\apache-tomcat-8.0.50\temp
31-Dec-2019 18:35:13.049 信息 [main] org.apache.catalina.core.AprLifecycleListener.lifecycleEvent The APR based Apache Tomcat Native library which allows optimal performance in production environments was not found on the java.library.path: C:\Program Files\Java\jre1.8.0_211\bin;C:\WINDOWS\Sun\Java\bin;C:\WINDOWS\system32;C:\WINDOWS;D:\Python\Scripts\;D:\Python\;C:\Program Files\Java\jdk1.8.0_211\bin;C:\Program Files\Microsoft SQL Server\110\DTS\Binn\;C:\Program Files (x86)\Microsoft SQL Server\110\Tools\Binn\;C:\Program Files\Microsoft SQL Server\110\Tools\Binn\;C:\Program Files (x86)\Microsoft SQL Server\110\Tools\Binn\ManagementStudio\;D:\vs2010\Common7\IDE\PrivateAssemblies\;C:\Program Files (x86)\Microsoft SQL Server\110\DTS\Binn\;"D:\MySQL\mysql-5.7.25-winx64\mysql-5.7.25-winx64\bin;C:\WINDOWS\System32\Wbem";C:\windows\system32;D:\nodejs\;D:\git\Git\bin;D:\git\Git\mingw64\libexec\git-core;C:\MinGW\bin;;C:\WINDOWS\system32;C:\WINDOWS;C:\WINDOWS\System32\Wbem;C:\WINDOWS\System32\WindowsPowerShell\v1.0\;C:\WINDOWS\System32\OpenSSH\;C:\Program Files\Intel\WiFi\bin\;C:\Program Files\Common Files\Intel\WirelessCommon\;C:\Users\sjy\AppData\Local\Microsoft\WindowsApps;D:\J2EE\apache-maven-3.6.1-bin\apache-maven-3.6.1\bin;;D:\Python可视化工具\PyCharm Community Edition 2019.1.3\bin;D:\Fiddler;C:\Users\sjy\AppData\Roaming\npm;D:\VSCode\Microsoft VS Code\bin;C:\Users\sjy\AppData\Local\Microsoft\WindowsApps;.
31-Dec-2019 18:35:13.299 信息 [main] org.apache.coyote.AbstractProtocol.init Initializing ProtocolHandler ["http-nio-8080"]
31-Dec-2019 18:35:13.319 严重 [main] org.apache.coyote.AbstractProtocol.init Failed to initialize end point associated with ProtocolHandler ["http-nio-8080"]
 java.net.BindException: Address already in use: bind
	at sun.nio.ch.Net.bind0(Native Method)
	at sun.nio.ch.Net.bind(Unknown Source)
	at sun.nio.ch.Net.bind(Unknown Source)
	at sun.nio.ch.ServerSocketChannelImpl.bind(Unknown Source)
	at sun.nio.ch.ServerSocketAdaptor.bind(Unknown Source)
	at org.apache.tomcat.util.net.NioEndpoint.bind(NioEndpoint.java:350)
	at org.apache.tomcat.util.net.AbstractEndpoint.init(AbstractEndpoint.java:823)
	at org.apache.coyote.AbstractProtocol.init(AbstractProtocol.java:476)
	at org.apache.coyote.http11.AbstractHttp11JsseProtocol.init(AbstractHttp11JsseProtocol.java:120)
	at org.apache.catalina.connector.Connector.initInternal(Connector.java:960)
	at org.apache.catalina.util.LifecycleBase.init(LifecycleBase.java:102)
	at org.apache.catalina.core.StandardService.initInternal(StandardService.java:568)
	at org.apache.catalina.util.LifecycleBase.init(LifecycleBase.java:102)
	at org.apache.catalina.core.StandardServer.initInternal(StandardServer.java:871)
	at org.apache.catalina.util.LifecycleBase.init(LifecycleBase.java:102)
	at org.apache.catalina.startup.Catalina.load(Catalina.java:592)
	at org.apache.catalina.startup.Catalina.load(Catalina.java:615)
	at sun.reflect.NativeMethodAccessorImpl.invoke0(Native Method)
	at sun.reflect.NativeMethodAccessorImpl.invoke(Unknown Source)
	at sun.reflect.DelegatingMethodAccessorImpl.invoke(Unknown Source)
	at java.lang.reflect.Method.invoke(Unknown Source)
	at org.apache.catalina.startup.Bootstrap.load(Bootstrap.java:308)
	at org.apache.catalina.startup.Bootstrap.main(Bootstrap.java:482)

31-Dec-2019 18:35:13.323 严重 [main] org.apache.catalina.core.StandardService.initInternal Failed to initialize connector [Connector[HTTP/1.1-8080]]
 org.apache.catalina.LifecycleException: Failed to initialize component [Connector[HTTP/1.1-8080]]
	at org.apache.catalina.util.LifecycleBase.init(LifecycleBase.java:107)
	at org.apache.catalina.core.StandardService.initInternal(StandardService.java:568)
	at org.apache.catalina.util.LifecycleBase.init(LifecycleBase.java:102)
	at org.apache.catalina.core.StandardServer.initInternal(StandardServer.java:871)
	at org.apache.catalina.util.LifecycleBase.init(LifecycleBase.java:102)
	at org.apache.catalina.startup.Catalina.load(Catalina.java:592)
	at org.apache.catalina.startup.Catalina.load(Catalina.java:615)
	at sun.reflect.NativeMethodAccessorImpl.invoke0(Native Method)
	at sun.reflect.NativeMethodAccessorImpl.invoke(Unknown Source)
	at sun.reflect.DelegatingMethodAccessorImpl.invoke(Unknown Source)
	at java.lang.reflect.Method.invoke(Unknown Source)
	at org.apache.catalina.startup.Bootstrap.load(Bootstrap.java:308)
	at org.apache.catalina.startup.Bootstrap.main(Bootstrap.java:482)
Caused by: org.apache.catalina.LifecycleException: Protocol handler initialization failed
	at org.apache.catalina.connector.Connector.initInternal(Connector.java:962)
	at org.apache.catalina.util.LifecycleBase.init(LifecycleBase.java:102)
	... 12 more
Caused by: java.net.BindException: Address already in use: bind
	at sun.nio.ch.Net.bind0(Native Method)
	at sun.nio.ch.Net.bind(Unknown Source)
	at sun.nio.ch.Net.bind(Unknown Source)
	at sun.nio.ch.ServerSocketChannelImpl.bind(Unknown Source)
	at sun.nio.ch.ServerSocketAdaptor.bind(Unknown Source)
	at org.apache.tomcat.util.net.NioEndpoint.bind(NioEndpoint.java:350)
	at org.apache.tomcat.util.net.AbstractEndpoint.init(AbstractEndpoint.java:823)
	at org.apache.coyote.AbstractProtocol.init(AbstractProtocol.java:476)
	at org.apache.coyote.http11.AbstractHttp11JsseProtocol.init(AbstractHttp11JsseProtocol.java:120)
	at org.apache.catalina.connector.Connector.initInternal(Connector.java:960)
	... 13 more

31-Dec-2019 18:35:13.330 信息 [main] org.apache.coyote.AbstractProtocol.init Initializing ProtocolHandler ["ajp-nio-8009"]
31-Dec-2019 18:35:13.335 严重 [main] org.apache.coyote.AbstractProtocol.init Failed to initialize end point associated with ProtocolHandler ["ajp-nio-8009"]
 java.net.BindException: Address already in use: bind
	at sun.nio.ch.Net.bind0(Native Method)
	at sun.nio.ch.Net.bind(Unknown Source)
	at sun.nio.ch.Net.bind(Unknown Source)
	at sun.nio.ch.ServerSocketChannelImpl.bind(Unknown Source)
	at sun.nio.ch.ServerSocketAdaptor.bind(Unknown Source)
	at org.apache.tomcat.util.net.NioEndpoint.bind(NioEndpoint.java:350)
	at org.apache.tomcat.util.net.AbstractEndpoint.init(AbstractEndpoint.java:823)
	at org.apache.coyote.AbstractProtocol.init(AbstractProtocol.java:476)
	at org.apache.catalina.connector.Connector.initInternal(Connector.java:960)
	at org.apache.catalina.util.LifecycleBase.init(LifecycleBase.java:102)
	at org.apache.catalina.core.StandardService.initInternal(StandardService.java:568)
	at org.apache.catalina.util.LifecycleBase.init(LifecycleBase.java:102)
	at org.apache.catalina.core.StandardServer.initInternal(StandardServer.java:871)
	at org.apache.catalina.util.LifecycleBase.init(LifecycleBase.java:102)
	at org.apache.catalina.startup.Catalina.load(Catalina.java:592)
	at org.apache.catalina.startup.Catalina.load(Catalina.java:615)
	at sun.reflect.NativeMethodAccessorImpl.invoke0(Native Method)
	at sun.reflect.NativeMethodAccessorImpl.invoke(Unknown Source)
	at sun.reflect.DelegatingMethodAccessorImpl.invoke(Unknown Source)
	at java.lang.reflect.Method.invoke(Unknown Source)
	at org.apache.catalina.startup.Bootstrap.load(Bootstrap.java:308)
	at org.apache.catalina.startup.Bootstrap.main(Bootstrap.java:482)

31-Dec-2019 18:35:13.340 严重 [main] org.apache.catalina.core.StandardService.initInternal Failed to initialize connector [Connector[AJP/1.3-8009]]
 org.apache.catalina.LifecycleException: Failed to initialize component [Connector[AJP/1.3-8009]]
	at org.apache.catalina.util.LifecycleBase.init(LifecycleBase.java:107)
	at org.apache.catalina.core.StandardService.initInternal(StandardService.java:568)
	at org.apache.catalina.util.LifecycleBase.init(LifecycleBase.java:102)
	at org.apache.catalina.core.StandardServer.initInternal(StandardServer.java:871)
	at org.apache.catalina.util.LifecycleBase.init(LifecycleBase.java:102)
	at org.apache.catalina.startup.Catalina.load(Catalina.java:592)
	at org.apache.catalina.startup.Catalina.load(Catalina.java:615)
	at sun.reflect.NativeMethodAccessorImpl.invoke0(Native Method)
	at sun.reflect.NativeMethodAccessorImpl.invoke(Unknown Source)
	at sun.reflect.DelegatingMethodAccessorImpl.invoke(Unknown Source)
	at java.lang.reflect.Method.invoke(Unknown Source)
	at org.apache.catalina.startup.Bootstrap.load(Bootstrap.java:308)
	at org.apache.catalina.startup.Bootstrap.main(Bootstrap.java:482)
Caused by: org.apache.catalina.LifecycleException: Protocol handler initialization failed
	at org.apache.catalina.connector.Connector.initInternal(Connector.java:962)
	at org.apache.catalina.util.LifecycleBase.init(LifecycleBase.java:102)
	... 12 more
Caused by: java.net.BindException: Address already in use: bind
	at sun.nio.ch.Net.bind0(Native Method)
	at sun.nio.ch.Net.bind(Unknown Source)
	at sun.nio.ch.Net.bind(Unknown Source)
	at sun.nio.ch.ServerSocketChannelImpl.bind(Unknown Source)
	at sun.nio.ch.ServerSocketAdaptor.bind(Unknown Source)
	at org.apache.tomcat.util.net.NioEndpoint.bind(NioEndpoint.java:350)
	at org.apache.tomcat.util.net.AbstractEndpoint.init(AbstractEndpoint.java:823)
	at org.apache.coyote.AbstractProtocol.init(AbstractProtocol.java:476)
	at org.apache.catalina.connector.Connector.initInternal(Connector.java:960)
	... 13 more

31-Dec-2019 18:35:13.349 信息 [main] org.apache.catalina.startup.Catalina.load Initialization processed in 1181 ms
31-Dec-2019 18:35:13.396 信息 [main] org.apache.catalina.core.StandardService.startInternal Starting service Catalina
31-Dec-2019 18:35:13.397 信息 [main] org.apache.catalina.core.StandardEngine.startInternal Starting Servlet Engine: Apache Tomcat/8.0.50
31-Dec-2019 18:35:13.414 信息 [localhost-startStop-1] org.apache.catalina.startup.HostConfig.deployDirectory Deploying web application directory D:\apache-tomcat-8.0.50\apache-tomcat-8.0.50\webapps\docs
31-Dec-2019 18:35:15.423 警告 [localhost-startStop-1] org.apache.catalina.util.SessionIdGeneratorBase.createSecureRandom Creation of SecureRandom instance for session ID generation using [SHA1PRNG] took [1,537] milliseconds.
31-Dec-2019 18:35:15.464 信息 [localhost-startStop-1] org.apache.catalina.startup.HostConfig.deployDirectory Deployment of web application directory D:\apache-tomcat-8.0.50\apache-tomcat-8.0.50\webapps\docs has finished in 2,050 ms
31-Dec-2019 18:35:15.465 信息 [localhost-startStop-1] org.apache.catalina.startup.HostConfig.deployDirectory Deploying web application directory D:\apache-tomcat-8.0.50\apache-tomcat-8.0.50\webapps\examples
31-Dec-2019 18:35:16.198 信息 [localhost-startStop-1] org.apache.catalina.startup.HostConfig.deployDirectory Deployment of web application directory D:\apache-tomcat-8.0.50\apache-tomcat-8.0.50\webapps\examples has finished in 733 ms
31-Dec-2019 18:35:16.199 信息 [localhost-startStop-1] org.apache.catalina.startup.HostConfig.deployDirectory Deploying web application directory D:\apache-tomcat-8.0.50\apache-tomcat-8.0.50\webapps\host-manager
31-Dec-2019 18:35:16.254 信息 [localhost-startStop-1] org.apache.catalina.startup.HostConfig.deployDirectory Deployment of web application directory D:\apache-tomcat-8.0.50\apache-tomcat-8.0.50\webapps\host-manager has finished in 54 ms
31-Dec-2019 18:35:16.255 信息 [localhost-startStop-1] org.apache.catalina.startup.HostConfig.deployDirectory Deploying web application directory D:\apache-tomcat-8.0.50\apache-tomcat-8.0.50\webapps\manager
31-Dec-2019 18:35:16.321 信息 [localhost-startStop-1] org.apache.catalina.startup.HostConfig.deployDirectory Deployment of web application directory D:\apache-tomcat-8.0.50\apache-tomcat-8.0.50\webapps\manager has finished in 66 ms
31-Dec-2019 18:35:16.322 信息 [localhost-startStop-1] org.apache.catalina.startup.HostConfig.deployDirectory Deploying web application directory D:\apache-tomcat-8.0.50\apache-tomcat-8.0.50\webapps\ROOT
31-Dec-2019 18:35:16.360 信息 [localhost-startStop-1] org.apache.catalina.startup.HostConfig.deployDirectory Deployment of web application directory D:\apache-tomcat-8.0.50\apache-tomcat-8.0.50\webapps\ROOT has finished in 38 ms
31-Dec-2019 18:35:16.368 信息 [main] org.apache.catalina.startup.Catalina.start Server startup in 3016 ms
31-Dec-2019 18:35:16.383 严重 [main] org.apache.catalina.core.StandardServer.await StandardServer.await: create[localhost:8005]: 
 java.net.BindException: Address already in use: JVM_Bind
	at java.net.DualStackPlainSocketImpl.bind0(Native Method)
	at java.net.DualStackPlainSocketImpl.socketBind(Unknown Source)
	at java.net.AbstractPlainSocketImpl.bind(Unknown Source)
	at java.net.PlainSocketImpl.bind(Unknown Source)
	at java.net.ServerSocket.bind(Unknown Source)
	at java.net.ServerSocket.<init>(Unknown Source)
	at org.apache.catalina.core.StandardServer.await(StandardServer.java:438)
	at org.apache.catalina.startup.Catalina.await(Catalina.java:729)
	at org.apache.catalina.startup.Catalina.start(Catalina.java:675)
	at sun.reflect.NativeMethodAccessorImpl.invoke0(Native Method)
	at sun.reflect.NativeMethodAccessorImpl.invoke(Unknown Source)
	at sun.reflect.DelegatingMethodAccessorImpl.invoke(Unknown Source)
	at java.lang.reflect.Method.invoke(Unknown Source)
	at org.apache.catalina.startup.Bootstrap.start(Bootstrap.java:349)
	at org.apache.catalina.startup.Bootstrap.main(Bootstrap.java:483)

31-Dec-2019 18:35:16.386 信息 [main] org.apache.coyote.AbstractProtocol.pause Pausing ProtocolHandler ["http-nio-8080"]
31-Dec-2019 18:35:16.389 信息 [main] org.apache.coyote.AbstractProtocol.pause Pausing ProtocolHandler ["ajp-nio-8009"]
31-Dec-2019 18:35:16.391 信息 [main] org.apache.catalina.core.StandardService.stopInternal Stopping service Catalina
31-Dec-2019 18:35:16.429 信息 [main] org.apache.coyote.AbstractProtocol.stop Stopping ProtocolHandler ["http-nio-8080"]
31-Dec-2019 18:35:16.431 信息 [main] org.apache.coyote.AbstractProtocol.destroy Destroying ProtocolHandler ["http-nio-8080"]
31-Dec-2019 18:35:16.434 信息 [main] org.apache.coyote.AbstractProtocol.stop Stopping ProtocolHandler ["ajp-nio-8009"]
31-Dec-2019 18:35:16.435 信息 [main] org.apache.coyote.AbstractProtocol.destroy Destroying ProtocolHandler ["ajp-nio-8009"]
31-Dec-2019 18:35:23.918 信息 [main] org.apache.catalina.startup.VersionLoggerListener.log Server version:        Apache Tomcat/8.0.50
31-Dec-2019 18:35:23.928 信息 [main] org.apache.catalina.startup.VersionLoggerListener.log Server built:          Feb 7 2018 20:06:05 UTC
31-Dec-2019 18:35:23.929 信息 [main] org.apache.catalina.startup.VersionLoggerListener.log Server number:         8.0.50.0
31-Dec-2019 18:35:23.930 信息 [main] org.apache.catalina.startup.VersionLoggerListener.log OS Name:               Windows 10
31-Dec-2019 18:35:23.931 信息 [main] org.apache.catalina.startup.VersionLoggerListener.log OS Version:            10.0
31-Dec-2019 18:35:23.931 信息 [main] org.apache.catalina.startup.VersionLoggerListener.log Architecture:          amd64
31-Dec-2019 18:35:23.932 信息 [main] org.apache.catalina.startup.VersionLoggerListener.log Java Home:             C:\Program Files\Java\jre1.8.0_211
31-Dec-2019 18:35:23.932 信息 [main] org.apache.catalina.startup.VersionLoggerListener.log JVM Version:           1.8.0_211-b12
31-Dec-2019 18:35:23.933 信息 [main] org.apache.catalina.startup.VersionLoggerListener.log JVM Vendor:            Oracle Corporation
31-Dec-2019 18:35:23.934 信息 [main] org.apache.catalina.startup.VersionLoggerListener.log CATALINA_BASE:         D:\apache-tomcat-8.0.50\apache-tomcat-8.0.50
31-Dec-2019 18:35:23.934 信息 [main] org.apache.catalina.startup.VersionLoggerListener.log CATALINA_HOME:         D:\apache-tomcat-8.0.50\apache-tomcat-8.0.50
31-Dec-2019 18:35:23.935 信息 [main] org.apache.catalina.startup.VersionLoggerListener.log Command line argument: -Djava.util.logging.config.file=D:\apache-tomcat-8.0.50\apache-tomcat-8.0.50\conf\logging.properties
31-Dec-2019 18:35:23.936 信息 [main] org.apache.catalina.startup.VersionLoggerListener.log Command line argument: -Djava.util.logging.manager=org.apache.juli.ClassLoaderLogManager
31-Dec-2019 18:35:23.936 信息 [main] org.apache.catalina.startup.VersionLoggerListener.log Command line argument: -Djdk.tls.ephemeralDHKeySize=2048
31-Dec-2019 18:35:23.936 信息 [main] org.apache.catalina.startup.VersionLoggerListener.log Command line argument: -Djava.protocol.handler.pkgs=org.apache.catalina.webresources
31-Dec-2019 18:35:23.937 信息 [main] org.apache.catalina.startup.VersionLoggerListener.log Command line argument: -Dignore.endorsed.dirs=
31-Dec-2019 18:35:23.938 信息 [main] org.apache.catalina.startup.VersionLoggerListener.log Command line argument: -Dcatalina.base=D:\apache-tomcat-8.0.50\apache-tomcat-8.0.50
31-Dec-2019 18:35:23.943 信息 [main] org.apache.catalina.startup.VersionLoggerListener.log Command line argument: -Dcatalina.home=D:\apache-tomcat-8.0.50\apache-tomcat-8.0.50
31-Dec-2019 18:35:23.946 信息 [main] org.apache.catalina.startup.VersionLoggerListener.log Command line argument: -Djava.io.tmpdir=D:\apache-tomcat-8.0.50\apache-tomcat-8.0.50\temp
31-Dec-2019 18:35:23.955 信息 [main] org.apache.catalina.core.AprLifecycleListener.lifecycleEvent The APR based Apache Tomcat Native library which allows optimal performance in production environments was not found on the java.library.path: C:\Program Files\Java\jre1.8.0_211\bin;C:\WINDOWS\Sun\Java\bin;C:\WINDOWS\system32;C:\WINDOWS;D:\Python\Scripts\;D:\Python\;C:\Program Files\Java\jdk1.8.0_211\bin;C:\Program Files\Microsoft SQL Server\110\DTS\Binn\;C:\Program Files (x86)\Microsoft SQL Server\110\Tools\Binn\;C:\Program Files\Microsoft SQL Server\110\Tools\Binn\;C:\Program Files (x86)\Microsoft SQL Server\110\Tools\Binn\ManagementStudio\;D:\vs2010\Common7\IDE\PrivateAssemblies\;C:\Program Files (x86)\Microsoft SQL Server\110\DTS\Binn\;"D:\MySQL\mysql-5.7.25-winx64\mysql-5.7.25-winx64\bin;C:\WINDOWS\System32\Wbem";C:\windows\system32;D:\nodejs\;D:\git\Git\bin;D:\git\Git\mingw64\libexec\git-core;C:\MinGW\bin;;C:\WINDOWS\system32;C:\WINDOWS;C:\WINDOWS\System32\Wbem;C:\WINDOWS\System32\WindowsPowerShell\v1.0\;C:\WINDOWS\System32\OpenSSH\;C:\Program Files\Intel\WiFi\bin\;C:\Program Files\Common Files\Intel\WirelessCommon\;C:\Users\sjy\AppData\Local\Microsoft\WindowsApps;D:\J2EE\apache-maven-3.6.1-bin\apache-maven-3.6.1\bin;;D:\Python可视化工具\PyCharm Community Edition 2019.1.3\bin;D:\Fiddler;C:\Users\sjy\AppData\Roaming\npm;D:\VSCode\Microsoft VS Code\bin;C:\Users\sjy\AppData\Local\Microsoft\WindowsApps;.
31-Dec-2019 18:35:24.200 信息 [main] org.apache.coyote.AbstractProtocol.init Initializing ProtocolHandler ["http-nio-8080"]
31-Dec-2019 18:35:25.876 信息 [main] org.apache.tomcat.util.net.NioSelectorPool.getSharedSelector Using a shared selector for servlet write/read
31-Dec-2019 18:35:25.882 信息 [main] org.apache.coyote.AbstractProtocol.init Initializing ProtocolHandler ["ajp-nio-8009"]
31-Dec-2019 18:35:25.889 信息 [main] org.apache.tomcat.util.net.NioSelectorPool.getSharedSelector Using a shared selector for servlet write/read
31-Dec-2019 18:35:25.891 信息 [main] org.apache.catalina.startup.Catalina.load Initialization processed in 2667 ms
31-Dec-2019 18:35:25.934 信息 [main] org.apache.catalina.core.StandardService.startInternal Starting service Catalina
31-Dec-2019 18:35:25.934 信息 [main] org.apache.catalina.core.StandardEngine.startInternal Starting Servlet Engine: Apache Tomcat/8.0.50
31-Dec-2019 18:35:25.965 信息 [localhost-startStop-1] org.apache.catalina.startup.HostConfig.deployDirectory Deploying web application directory D:\apache-tomcat-8.0.50\apache-tomcat-8.0.50\webapps\docs
31-Dec-2019 18:35:26.438 信息 [localhost-startStop-1] org.apache.catalina.startup.HostConfig.deployDirectory Deployment of web application directory D:\apache-tomcat-8.0.50\apache-tomcat-8.0.50\webapps\docs has finished in 484 ms
31-Dec-2019 18:35:26.439 信息 [localhost-startStop-1] org.apache.catalina.startup.HostConfig.deployDirectory Deploying web application directory D:\apache-tomcat-8.0.50\apache-tomcat-8.0.50\webapps\examples
31-Dec-2019 18:35:27.238 信息 [localhost-startStop-1] org.apache.catalina.startup.HostConfig.deployDirectory Deployment of web application directory D:\apache-tomcat-8.0.50\apache-tomcat-8.0.50\webapps\examples has finished in 799 ms
31-Dec-2019 18:35:27.239 信息 [localhost-startStop-1] org.apache.catalina.startup.HostConfig.deployDirectory Deploying web application directory D:\apache-tomcat-8.0.50\apache-tomcat-8.0.50\webapps\host-manager
31-Dec-2019 18:35:27.295 信息 [localhost-startStop-1] org.apache.catalina.startup.HostConfig.deployDirectory Deployment of web application directory D:\apache-tomcat-8.0.50\apache-tomcat-8.0.50\webapps\host-manager has finished in 56 ms
31-Dec-2019 18:35:27.296 信息 [localhost-startStop-1] org.apache.catalina.startup.HostConfig.deployDirectory Deploying web application directory D:\apache-tomcat-8.0.50\apache-tomcat-8.0.50\webapps\manager
31-Dec-2019 18:35:27.352 信息 [localhost-startStop-1] org.apache.catalina.startup.HostConfig.deployDirectory Deployment of web application directory D:\apache-tomcat-8.0.50\apache-tomcat-8.0.50\webapps\manager has finished in 57 ms
31-Dec-2019 18:35:27.354 信息 [localhost-startStop-1] org.apache.catalina.startup.HostConfig.deployDirectory Deploying web application directory D:\apache-tomcat-8.0.50\apache-tomcat-8.0.50\webapps\ROOT
31-Dec-2019 18:35:27.394 信息 [localhost-startStop-1] org.apache.catalina.startup.HostConfig.deployDirectory Deployment of web application directory D:\apache-tomcat-8.0.50\apache-tomcat-8.0.50\webapps\ROOT has finished in 41 ms
31-Dec-2019 18:35:27.404 信息 [main] org.apache.coyote.AbstractProtocol.start Starting ProtocolHandler ["http-nio-8080"]
31-Dec-2019 18:35:27.419 信息 [main] org.apache.coyote.AbstractProtocol.start Starting ProtocolHandler ["ajp-nio-8009"]
31-Dec-2019 18:35:27.425 信息 [main] org.apache.catalina.startup.Catalina.start Server startup in 1533 ms
31-Dec-2019 18:38:57.724 信息 [localhost-startStop-2] org.apache.catalina.startup.HostConfig.deployWAR Deploying web application archive D:\apache-tomcat-8.0.50\apache-tomcat-8.0.50\webapps\chapter01.war
31-Dec-2019 18:38:58.488 信息 [localhost-startStop-2] org.apache.catalina.startup.HostConfig.deployWAR Deployment of web application archive D:\apache-tomcat-8.0.50\apache-tomcat-8.0.50\webapps\chapter01.war has finished in 764 ms
31-Dec-2019 18:40:28.194 信息 [main] org.apache.catalina.startup.VersionLoggerListener.log Server version:        Apache Tomcat/8.0.50
31-Dec-2019 18:40:28.203 信息 [main] org.apache.catalina.startup.VersionLoggerListener.log Server built:          Feb 7 2018 20:06:05 UTC
31-Dec-2019 18:40:28.205 信息 [main] org.apache.catalina.startup.VersionLoggerListener.log Server number:         8.0.50.0
31-Dec-2019 18:40:28.205 信息 [main] org.apache.catalina.startup.VersionLoggerListener.log OS Name:               Windows 10
31-Dec-2019 18:40:28.206 信息 [main] org.apache.catalina.startup.VersionLoggerListener.log OS Version:            10.0
31-Dec-2019 18:40:28.206 信息 [main] org.apache.catalina.startup.VersionLoggerListener.log Architecture:          amd64
31-Dec-2019 18:40:28.207 信息 [main] org.apache.catalina.startup.VersionLoggerListener.log Java Home:             C:\Program Files\Java\jre1.8.0_211
31-Dec-2019 18:40:28.207 信息 [main] org.apache.catalina.startup.VersionLoggerListener.log JVM Version:           1.8.0_211-b12
31-Dec-2019 18:40:28.208 信息 [main] org.apache.catalina.startup.VersionLoggerListener.log JVM Vendor:            Oracle Corporation
31-Dec-2019 18:40:28.209 信息 [main] org.apache.catalina.startup.VersionLoggerListener.log CATALINA_BASE:         D:\apache-tomcat-8.0.50\apache-tomcat-8.0.50
31-Dec-2019 18:40:28.210 信息 [main] org.apache.catalina.startup.VersionLoggerListener.log CATALINA_HOME:         D:\apache-tomcat-8.0.50\apache-tomcat-8.0.50
31-Dec-2019 18:40:28.211 信息 [main] org.apache.catalina.startup.VersionLoggerListener.log Command line argument: -Djava.util.logging.config.file=D:\apache-tomcat-8.0.50\apache-tomcat-8.0.50\conf\logging.properties
31-Dec-2019 18:40:28.212 信息 [main] org.apache.catalina.startup.VersionLoggerListener.log Command line argument: -Djava.util.logging.manager=org.apache.juli.ClassLoaderLogManager
31-Dec-2019 18:40:28.213 信息 [main] org.apache.catalina.startup.VersionLoggerListener.log Command line argument: -Djdk.tls.ephemeralDHKeySize=2048
31-Dec-2019 18:40:28.215 信息 [main] org.apache.catalina.startup.VersionLoggerListener.log Command line argument: -Djava.protocol.handler.pkgs=org.apache.catalina.webresources
31-Dec-2019 18:40:28.216 信息 [main] org.apache.catalina.startup.VersionLoggerListener.log Command line argument: -Dignore.endorsed.dirs=
31-Dec-2019 18:40:28.217 信息 [main] org.apache.catalina.startup.VersionLoggerListener.log Command line argument: -Dcatalina.base=D:\apache-tomcat-8.0.50\apache-tomcat-8.0.50
31-Dec-2019 18:40:28.219 信息 [main] org.apache.catalina.startup.VersionLoggerListener.log Command line argument: -Dcatalina.home=D:\apache-tomcat-8.0.50\apache-tomcat-8.0.50
31-Dec-2019 18:40:28.226 信息 [main] org.apache.catalina.startup.VersionLoggerListener.log Command line argument: -Djava.io.tmpdir=D:\apache-tomcat-8.0.50\apache-tomcat-8.0.50\temp
31-Dec-2019 18:40:28.236 信息 [main] org.apache.catalina.core.AprLifecycleListener.lifecycleEvent The APR based Apache Tomcat Native library which allows optimal performance in production environments was not found on the java.library.path: C:\Program Files\Java\jre1.8.0_211\bin;C:\WINDOWS\Sun\Java\bin;C:\WINDOWS\system32;C:\WINDOWS;D:\Python\Scripts\;D:\Python\;C:\Program Files\Java\jdk1.8.0_211\bin;C:\Program Files\Microsoft SQL Server\110\DTS\Binn\;C:\Program Files (x86)\Microsoft SQL Server\110\Tools\Binn\;C:\Program Files\Microsoft SQL Server\110\Tools\Binn\;C:\Program Files (x86)\Microsoft SQL Server\110\Tools\Binn\ManagementStudio\;D:\vs2010\Common7\IDE\PrivateAssemblies\;C:\Program Files (x86)\Microsoft SQL Server\110\DTS\Binn\;"D:\MySQL\mysql-5.7.25-winx64\mysql-5.7.25-winx64\bin;C:\WINDOWS\System32\Wbem";C:\windows\system32;D:\nodejs\;D:\git\Git\bin;D:\git\Git\mingw64\libexec\git-core;C:\MinGW\bin;;C:\WINDOWS\system32;C:\WINDOWS;C:\WINDOWS\System32\Wbem;C:\WINDOWS\System32\WindowsPowerShell\v1.0\;C:\WINDOWS\System32\OpenSSH\;C:\Program Files\Intel\WiFi\bin\;C:\Program Files\Common Files\Intel\WirelessCommon\;C:\Users\sjy\AppData\Local\Microsoft\WindowsApps;D:\J2EE\apache-maven-3.6.1-bin\apache-maven-3.6.1\bin;;D:\Python可视化工具\PyCharm Community Edition 2019.1.3\bin;D:\Fiddler;C:\Users\sjy\AppData\Roaming\npm;D:\VSCode\Microsoft VS Code\bin;C:\Users\sjy\AppData\Local\Microsoft\WindowsApps;.
31-Dec-2019 18:40:28.545 信息 [main] org.apache.coyote.AbstractProtocol.init Initializing ProtocolHandler ["http-nio-8080"]
31-Dec-2019 18:40:30.212 信息 [main] org.apache.tomcat.util.net.NioSelectorPool.getSharedSelector Using a shared selector for servlet write/read
31-Dec-2019 18:40:30.218 信息 [main] org.apache.coyote.AbstractProtocol.init Initializing ProtocolHandler ["ajp-nio-8009"]
31-Dec-2019 18:40:30.226 信息 [main] org.apache.tomcat.util.net.NioSelectorPool.getSharedSelector Using a shared selector for servlet write/read
31-Dec-2019 18:40:30.227 信息 [main] org.apache.catalina.startup.Catalina.load Initialization processed in 2793 ms
31-Dec-2019 18:40:30.279 信息 [main] org.apache.catalina.core.StandardService.startInternal Starting service Catalina
31-Dec-2019 18:40:30.280 信息 [main] org.apache.catalina.core.StandardEngine.startInternal Starting Servlet Engine: Apache Tomcat/8.0.50
31-Dec-2019 18:40:30.334 信息 [localhost-startStop-1] org.apache.catalina.startup.HostConfig.deployWAR Deploying web application archive D:\apache-tomcat-8.0.50\apache-tomcat-8.0.50\webapps\chapter01.war
31-Dec-2019 18:40:30.867 信息 [localhost-startStop-1] org.apache.catalina.startup.HostConfig.deployWAR Deployment of web application archive D:\apache-tomcat-8.0.50\apache-tomcat-8.0.50\webapps\chapter01.war has finished in 532 ms
31-Dec-2019 18:40:30.870 信息 [localhost-startStop-1] org.apache.catalina.startup.HostConfig.deployDirectory Deploying web application directory D:\apache-tomcat-8.0.50\apache-tomcat-8.0.50\webapps\docs
31-Dec-2019 18:40:30.923 信息 [localhost-startStop-1] org.apache.catalina.startup.HostConfig.deployDirectory Deployment of web application directory D:\apache-tomcat-8.0.50\apache-tomcat-8.0.50\webapps\docs has finished in 53 ms
31-Dec-2019 18:40:30.924 信息 [localhost-startStop-1] org.apache.catalina.startup.HostConfig.deployDirectory Deploying web application directory D:\apache-tomcat-8.0.50\apache-tomcat-8.0.50\webapps\examples
31-Dec-2019 18:40:31.744 信息 [localhost-startStop-1] org.apache.catalina.startup.HostConfig.deployDirectory Deployment of web application directory D:\apache-tomcat-8.0.50\apache-tomcat-8.0.50\webapps\examples has finished in 819 ms
31-Dec-2019 18:40:31.744 信息 [localhost-startStop-1] org.apache.catalina.startup.HostConfig.deployDirectory Deploying web application directory D:\apache-tomcat-8.0.50\apache-tomcat-8.0.50\webapps\host-manager
31-Dec-2019 18:40:31.807 信息 [localhost-startStop-1] org.apache.catalina.startup.HostConfig.deployDirectory Deployment of web application directory D:\apache-tomcat-8.0.50\apache-tomcat-8.0.50\webapps\host-manager has finished in 63 ms
31-Dec-2019 18:40:31.808 信息 [localhost-startStop-1] org.apache.catalina.startup.HostConfig.deployDirectory Deploying web application directory D:\apache-tomcat-8.0.50\apache-tomcat-8.0.50\webapps\manager
31-Dec-2019 18:40:31.868 信息 [localhost-startStop-1] org.apache.catalina.startup.HostConfig.deployDirectory Deployment of web application directory D:\apache-tomcat-8.0.50\apache-tomcat-8.0.50\webapps\manager has finished in 60 ms
31-Dec-2019 18:40:31.869 信息 [localhost-startStop-1] org.apache.catalina.startup.HostConfig.deployDirectory Deploying web application directory D:\apache-tomcat-8.0.50\apache-tomcat-8.0.50\webapps\ROOT
31-Dec-2019 18:40:31.918 信息 [localhost-startStop-1] org.apache.catalina.startup.HostConfig.deployDirectory Deployment of web application directory D:\apache-tomcat-8.0.50\apache-tomcat-8.0.50\webapps\ROOT has finished in 49 ms
31-Dec-2019 18:40:31.928 信息 [main] org.apache.coyote.AbstractProtocol.start Starting ProtocolHandler ["http-nio-8080"]
31-Dec-2019 18:40:31.948 信息 [main] org.apache.coyote.AbstractProtocol.start Starting ProtocolHandler ["ajp-nio-8009"]
31-Dec-2019 18:40:31.958 信息 [main] org.apache.catalina.startup.Catalina.start Server startup in 1729 ms
31-Dec-2019 18:41:12.480 信息 [ContainerBackgroundProcessor[StandardEngine[Catalina]]] org.apache.catalina.startup.HostConfig.undeploy Undeploying context [/chapter01]
31-Dec-2019 18:41:32.036 信息 [main] org.apache.catalina.startup.VersionLoggerListener.log Server version:        Apache Tomcat/8.0.50
31-Dec-2019 18:41:32.046 信息 [main] org.apache.catalina.startup.VersionLoggerListener.log Server built:          Feb 7 2018 20:06:05 UTC
31-Dec-2019 18:41:32.047 信息 [main] org.apache.catalina.startup.VersionLoggerListener.log Server number:         8.0.50.0
31-Dec-2019 18:41:32.048 信息 [main] org.apache.catalina.startup.VersionLoggerListener.log OS Name:               Windows 10
31-Dec-2019 18:41:32.049 信息 [main] org.apache.catalina.startup.VersionLoggerListener.log OS Version:            10.0
31-Dec-2019 18:41:32.050 信息 [main] org.apache.catalina.startup.VersionLoggerListener.log Architecture:          amd64
31-Dec-2019 18:41:32.050 信息 [main] org.apache.catalina.startup.VersionLoggerListener.log Java Home:             C:\Program Files\Java\jre1.8.0_211
31-Dec-2019 18:41:32.051 信息 [main] org.apache.catalina.startup.VersionLoggerListener.log JVM Version:           1.8.0_211-b12
31-Dec-2019 18:41:32.052 信息 [main] org.apache.catalina.startup.VersionLoggerListener.log JVM Vendor:            Oracle Corporation
31-Dec-2019 18:41:32.052 信息 [main] org.apache.catalina.startup.VersionLoggerListener.log CATALINA_BASE:         D:\apache-tomcat-8.0.50\apache-tomcat-8.0.50
31-Dec-2019 18:41:32.053 信息 [main] org.apache.catalina.startup.VersionLoggerListener.log CATALINA_HOME:         D:\apache-tomcat-8.0.50\apache-tomcat-8.0.50
31-Dec-2019 18:41:32.054 信息 [main] org.apache.catalina.startup.VersionLoggerListener.log Command line argument: -Djava.util.logging.config.file=D:\apache-tomcat-8.0.50\apache-tomcat-8.0.50\conf\logging.properties
31-Dec-2019 18:41:32.054 信息 [main] org.apache.catalina.startup.VersionLoggerListener.log Command line argument: -Djava.util.logging.manager=org.apache.juli.ClassLoaderLogManager
31-Dec-2019 18:41:32.055 信息 [main] org.apache.catalina.startup.VersionLoggerListener.log Command line argument: -Djdk.tls.ephemeralDHKeySize=2048
31-Dec-2019 18:41:32.055 信息 [main] org.apache.catalina.startup.VersionLoggerListener.log Command line argument: -Djava.protocol.handler.pkgs=org.apache.catalina.webresources
31-Dec-2019 18:41:32.059 信息 [main] org.apache.catalina.startup.VersionLoggerListener.log Command line argument: -Dignore.endorsed.dirs=
31-Dec-2019 18:41:32.061 信息 [main] org.apache.catalina.startup.VersionLoggerListener.log Command line argument: -Dcatalina.base=D:\apache-tomcat-8.0.50\apache-tomcat-8.0.50
31-Dec-2019 18:41:32.063 信息 [main] org.apache.catalina.startup.VersionLoggerListener.log Command line argument: -Dcatalina.home=D:\apache-tomcat-8.0.50\apache-tomcat-8.0.50
31-Dec-2019 18:41:32.065 信息 [main] org.apache.catalina.startup.VersionLoggerListener.log Command line argument: -Djava.io.tmpdir=D:\apache-tomcat-8.0.50\apache-tomcat-8.0.50\temp
31-Dec-2019 18:41:32.075 信息 [main] org.apache.catalina.core.AprLifecycleListener.lifecycleEvent The APR based Apache Tomcat Native library which allows optimal performance in production environments was not found on the java.library.path: C:\Program Files\Java\jre1.8.0_211\bin;C:\WINDOWS\Sun\Java\bin;C:\WINDOWS\system32;C:\WINDOWS;D:\Python\Scripts\;D:\Python\;C:\Program Files\Java\jdk1.8.0_211\bin;C:\Program Files\Microsoft SQL Server\110\DTS\Binn\;C:\Program Files (x86)\Microsoft SQL Server\110\Tools\Binn\;C:\Program Files\Microsoft SQL Server\110\Tools\Binn\;C:\Program Files (x86)\Microsoft SQL Server\110\Tools\Binn\ManagementStudio\;D:\vs2010\Common7\IDE\PrivateAssemblies\;C:\Program Files (x86)\Microsoft SQL Server\110\DTS\Binn\;"D:\MySQL\mysql-5.7.25-winx64\mysql-5.7.25-winx64\bin;C:\WINDOWS\System32\Wbem";C:\windows\system32;D:\nodejs\;D:\git\Git\bin;D:\git\Git\mingw64\libexec\git-core;C:\MinGW\bin;;C:\WINDOWS\system32;C:\WINDOWS;C:\WINDOWS\System32\Wbem;C:\WINDOWS\System32\WindowsPowerShell\v1.0\;C:\WINDOWS\System32\OpenSSH\;C:\Program Files\Intel\WiFi\bin\;C:\Program Files\Common Files\Intel\WirelessCommon\;C:\Users\sjy\AppData\Local\Microsoft\WindowsApps;D:\J2EE\apache-maven-3.6.1-bin\apache-maven-3.6.1\bin;;D:\Python可视化工具\PyCharm Community Edition 2019.1.3\bin;D:\Fiddler;C:\Users\sjy\AppData\Roaming\npm;D:\VSCode\Microsoft VS Code\bin;C:\Users\sjy\AppData\Local\Microsoft\WindowsApps;.
31-Dec-2019 18:41:32.344 信息 [main] org.apache.coyote.AbstractProtocol.init Initializing ProtocolHandler ["http-nio-8080"]
31-Dec-2019 18:41:34.037 信息 [main] org.apache.tomcat.util.net.NioSelectorPool.getSharedSelector Using a shared selector for servlet write/read
31-Dec-2019 18:41:34.042 信息 [main] org.apache.coyote.AbstractProtocol.init Initializing ProtocolHandler ["ajp-nio-8009"]
31-Dec-2019 18:41:34.050 信息 [main] org.apache.tomcat.util.net.NioSelectorPool.getSharedSelector Using a shared selector for servlet write/read
31-Dec-2019 18:41:34.052 信息 [main] org.apache.catalina.startup.Catalina.load Initialization processed in 2816 ms
31-Dec-2019 18:41:34.093 信息 [main] org.apache.catalina.core.StandardService.startInternal Starting service Catalina
31-Dec-2019 18:41:34.094 信息 [main] org.apache.catalina.core.StandardEngine.startInternal Starting Servlet Engine: Apache Tomcat/8.0.50
31-Dec-2019 18:41:34.143 信息 [localhost-startStop-1] org.apache.catalina.startup.HostConfig.deployWAR Deploying web application archive D:\apache-tomcat-8.0.50\apache-tomcat-8.0.50\webapps\chapter01.war
31-Dec-2019 18:41:34.910 信息 [localhost-startStop-1] org.apache.catalina.startup.HostConfig.deployWAR Deployment of web application archive D:\apache-tomcat-8.0.50\apache-tomcat-8.0.50\webapps\chapter01.war has finished in 766 ms
31-Dec-2019 18:41:34.914 信息 [localhost-startStop-1] org.apache.catalina.startup.HostConfig.deployDirectory Deploying web application directory D:\apache-tomcat-8.0.50\apache-tomcat-8.0.50\webapps\docs
31-Dec-2019 18:41:34.969 信息 [localhost-startStop-1] org.apache.catalina.startup.HostConfig.deployDirectory Deployment of web application directory D:\apache-tomcat-8.0.50\apache-tomcat-8.0.50\webapps\docs has finished in 56 ms
31-Dec-2019 18:41:34.971 信息 [localhost-startStop-1] org.apache.catalina.startup.HostConfig.deployDirectory Deploying web application directory D:\apache-tomcat-8.0.50\apache-tomcat-8.0.50\webapps\examples
31-Dec-2019 18:41:35.777 信息 [localhost-startStop-1] org.apache.catalina.startup.HostConfig.deployDirectory Deployment of web application directory D:\apache-tomcat-8.0.50\apache-tomcat-8.0.50\webapps\examples has finished in 807 ms
31-Dec-2019 18:41:35.778 信息 [localhost-startStop-1] org.apache.catalina.startup.HostConfig.deployDirectory Deploying web application directory D:\apache-tomcat-8.0.50\apache-tomcat-8.0.50\webapps\host-manager
31-Dec-2019 18:41:35.866 信息 [localhost-startStop-1] org.apache.catalina.startup.HostConfig.deployDirectory Deployment of web application directory D:\apache-tomcat-8.0.50\apache-tomcat-8.0.50\webapps\host-manager has finished in 88 ms
31-Dec-2019 18:41:35.867 信息 [localhost-startStop-1] org.apache.catalina.startup.HostConfig.deployDirectory Deploying web application directory D:\apache-tomcat-8.0.50\apache-tomcat-8.0.50\webapps\manager
31-Dec-2019 18:41:35.937 信息 [localhost-startStop-1] org.apache.catalina.startup.HostConfig.deployDirectory Deployment of web application directory D:\apache-tomcat-8.0.50\apache-tomcat-8.0.50\webapps\manager has finished in 70 ms
31-Dec-2019 18:41:35.941 信息 [localhost-startStop-1] org.apache.catalina.startup.HostConfig.deployDirectory Deploying web application directory D:\apache-tomcat-8.0.50\apache-tomcat-8.0.50\webapps\ROOT
31-Dec-2019 18:41:36.002 信息 [localhost-startStop-1] org.apache.catalina.startup.HostConfig.deployDirectory Deployment of web application directory D:\apache-tomcat-8.0.50\apache-tomcat-8.0.50\webapps\ROOT has finished in 61 ms
31-Dec-2019 18:41:36.016 信息 [main] org.apache.coyote.AbstractProtocol.start Starting ProtocolHandler ["http-nio-8080"]
31-Dec-2019 18:41:36.039 信息 [main] org.apache.coyote.AbstractProtocol.start Starting ProtocolHandler ["ajp-nio-8009"]
31-Dec-2019 18:41:36.054 信息 [main] org.apache.catalina.startup.Catalina.start Server startup in 2001 ms
31-Dec-2019 18:41:58.700 信息 [main] org.apache.catalina.startup.VersionLoggerListener.log Server version:        Apache Tomcat/8.0.50
31-Dec-2019 18:41:58.711 信息 [main] org.apache.catalina.startup.VersionLoggerListener.log Server built:          Feb 7 2018 20:06:05 UTC
31-Dec-2019 18:41:58.712 信息 [main] org.apache.catalina.startup.VersionLoggerListener.log Server number:         8.0.50.0
31-Dec-2019 18:41:58.712 信息 [main] org.apache.catalina.startup.VersionLoggerListener.log OS Name:               Windows 10
31-Dec-2019 18:41:58.713 信息 [main] org.apache.catalina.startup.VersionLoggerListener.log OS Version:            10.0
31-Dec-2019 18:41:58.714 信息 [main] org.apache.catalina.startup.VersionLoggerListener.log Architecture:          amd64
31-Dec-2019 18:41:58.714 信息 [main] org.apache.catalina.startup.VersionLoggerListener.log Java Home:             C:\Program Files\Java\jre1.8.0_211
31-Dec-2019 18:41:58.715 信息 [main] org.apache.catalina.startup.VersionLoggerListener.log JVM Version:           1.8.0_211-b12
31-Dec-2019 18:41:58.715 信息 [main] org.apache.catalina.startup.VersionLoggerListener.log JVM Vendor:            Oracle Corporation
31-Dec-2019 18:41:58.716 信息 [main] org.apache.catalina.startup.VersionLoggerListener.log CATALINA_BASE:         D:\apache-tomcat-8.0.50\apache-tomcat-8.0.50
31-Dec-2019 18:41:58.716 信息 [main] org.apache.catalina.startup.VersionLoggerListener.log CATALINA_HOME:         D:\apache-tomcat-8.0.50\apache-tomcat-8.0.50
31-Dec-2019 18:41:58.717 信息 [main] org.apache.catalina.startup.VersionLoggerListener.log Command line argument: -Djava.util.logging.config.file=D:\apache-tomcat-8.0.50\apache-tomcat-8.0.50\conf\logging.properties
31-Dec-2019 18:41:58.718 信息 [main] org.apache.catalina.startup.VersionLoggerListener.log Command line argument: -Djava.util.logging.manager=org.apache.juli.ClassLoaderLogManager
31-Dec-2019 18:41:58.718 信息 [main] org.apache.catalina.startup.VersionLoggerListener.log Command line argument: -Djdk.tls.ephemeralDHKeySize=2048
31-Dec-2019 18:41:58.719 信息 [main] org.apache.catalina.startup.VersionLoggerListener.log Command line argument: -Djava.protocol.handler.pkgs=org.apache.catalina.webresources
31-Dec-2019 18:41:58.719 信息 [main] org.apache.catalina.startup.VersionLoggerListener.log Command line argument: -Dignore.endorsed.dirs=
31-Dec-2019 18:41:58.720 信息 [main] org.apache.catalina.startup.VersionLoggerListener.log Command line argument: -Dcatalina.base=D:\apache-tomcat-8.0.50\apache-tomcat-8.0.50
31-Dec-2019 18:41:58.726 信息 [main] org.apache.catalina.startup.VersionLoggerListener.log Command line argument: -Dcatalina.home=D:\apache-tomcat-8.0.50\apache-tomcat-8.0.50
31-Dec-2019 18:41:58.728 信息 [main] org.apache.catalina.startup.VersionLoggerListener.log Command line argument: -Djava.io.tmpdir=D:\apache-tomcat-8.0.50\apache-tomcat-8.0.50\temp
31-Dec-2019 18:41:58.739 信息 [main] org.apache.catalina.core.AprLifecycleListener.lifecycleEvent The APR based Apache Tomcat Native library which allows optimal performance in production environments was not found on the java.library.path: C:\Program Files\Java\jre1.8.0_211\bin;C:\WINDOWS\Sun\Java\bin;C:\WINDOWS\system32;C:\WINDOWS;D:\Python\Scripts\;D:\Python\;C:\Program Files\Java\jdk1.8.0_211\bin;C:\Program Files\Microsoft SQL Server\110\DTS\Binn\;C:\Program Files (x86)\Microsoft SQL Server\110\Tools\Binn\;C:\Program Files\Microsoft SQL Server\110\Tools\Binn\;C:\Program Files (x86)\Microsoft SQL Server\110\Tools\Binn\ManagementStudio\;D:\vs2010\Common7\IDE\PrivateAssemblies\;C:\Program Files (x86)\Microsoft SQL Server\110\DTS\Binn\;"D:\MySQL\mysql-5.7.25-winx64\mysql-5.7.25-winx64\bin;C:\WINDOWS\System32\Wbem";C:\windows\system32;D:\nodejs\;D:\git\Git\bin;D:\git\Git\mingw64\libexec\git-core;C:\MinGW\bin;;C:\WINDOWS\system32;C:\WINDOWS;C:\WINDOWS\System32\Wbem;C:\WINDOWS\System32\WindowsPowerShell\v1.0\;C:\WINDOWS\System32\OpenSSH\;C:\Program Files\Intel\WiFi\bin\;C:\Program Files\Common Files\Intel\WirelessCommon\;C:\Users\sjy\AppData\Local\Microsoft\WindowsApps;D:\J2EE\apache-maven-3.6.1-bin\apache-maven-3.6.1\bin;;D:\Python可视化工具\PyCharm Community Edition 2019.1.3\bin;D:\Fiddler;C:\Users\sjy\AppData\Roaming\npm;D:\VSCode\Microsoft VS Code\bin;C:\Users\sjy\AppData\Local\Microsoft\WindowsApps;.
31-Dec-2019 18:41:59.072 信息 [main] org.apache.coyote.AbstractProtocol.init Initializing ProtocolHandler ["http-nio-8080"]
31-Dec-2019 18:42:00.991 信息 [main] org.apache.tomcat.util.net.NioSelectorPool.getSharedSelector Using a shared selector for servlet write/read
31-Dec-2019 18:42:00.998 信息 [main] org.apache.coyote.AbstractProtocol.init Initializing ProtocolHandler ["ajp-nio-8009"]
31-Dec-2019 18:42:01.005 信息 [main] org.apache.tomcat.util.net.NioSelectorPool.getSharedSelector Using a shared selector for servlet write/read
31-Dec-2019 18:42:01.007 信息 [main] org.apache.catalina.startup.Catalina.load Initialization processed in 3186 ms
31-Dec-2019 18:42:01.059 信息 [main] org.apache.catalina.core.StandardService.startInternal Starting service Catalina
31-Dec-2019 18:42:01.060 信息 [main] org.apache.catalina.core.StandardEngine.startInternal Starting Servlet Engine: Apache Tomcat/8.0.50
31-Dec-2019 18:42:01.114 信息 [localhost-startStop-1] org.apache.catalina.startup.HostConfig.deployWAR Deploying web application archive D:\apache-tomcat-8.0.50\apache-tomcat-8.0.50\webapps\chapter01.war
31-Dec-2019 18:42:01.831 信息 [localhost-startStop-1] org.apache.catalina.startup.HostConfig.deployWAR Deployment of web application archive D:\apache-tomcat-8.0.50\apache-tomcat-8.0.50\webapps\chapter01.war has finished in 717 ms
31-Dec-2019 18:42:01.841 信息 [localhost-startStop-1] org.apache.catalina.startup.HostConfig.deployDirectory Deploying web application directory D:\apache-tomcat-8.0.50\apache-tomcat-8.0.50\webapps\docs
31-Dec-2019 18:42:01.910 信息 [localhost-startStop-1] org.apache.catalina.startup.HostConfig.deployDirectory Deployment of web application directory D:\apache-tomcat-8.0.50\apache-tomcat-8.0.50\webapps\docs has finished in 69 ms
31-Dec-2019 18:42:01.911 信息 [localhost-startStop-1] org.apache.catalina.startup.HostConfig.deployDirectory Deploying web application directory D:\apache-tomcat-8.0.50\apache-tomcat-8.0.50\webapps\examples
31-Dec-2019 18:42:02.869 信息 [localhost-startStop-1] org.apache.catalina.startup.HostConfig.deployDirectory Deployment of web application directory D:\apache-tomcat-8.0.50\apache-tomcat-8.0.50\webapps\examples has finished in 957 ms
31-Dec-2019 18:42:02.871 信息 [localhost-startStop-1] org.apache.catalina.startup.HostConfig.deployDirectory Deploying web application directory D:\apache-tomcat-8.0.50\apache-tomcat-8.0.50\webapps\host-manager
31-Dec-2019 18:42:02.951 信息 [localhost-startStop-1] org.apache.catalina.startup.HostConfig.deployDirectory Deployment of web application directory D:\apache-tomcat-8.0.50\apache-tomcat-8.0.50\webapps\host-manager has finished in 80 ms
31-Dec-2019 18:42:02.954 信息 [localhost-startStop-1] org.apache.catalina.startup.HostConfig.deployDirectory Deploying web application directory D:\apache-tomcat-8.0.50\apache-tomcat-8.0.50\webapps\manager
31-Dec-2019 18:42:03.046 信息 [localhost-startStop-1] org.apache.catalina.startup.HostConfig.deployDirectory Deployment of web application directory D:\apache-tomcat-8.0.50\apache-tomcat-8.0.50\webapps\manager has finished in 92 ms
31-Dec-2019 18:42:03.050 信息 [localhost-startStop-1] org.apache.catalina.startup.HostConfig.deployDirectory Deploying web application directory D:\apache-tomcat-8.0.50\apache-tomcat-8.0.50\webapps\ROOT
31-Dec-2019 18:42:03.112 信息 [localhost-startStop-1] org.apache.catalina.startup.HostConfig.deployDirectory Deployment of web application directory D:\apache-tomcat-8.0.50\apache-tomcat-8.0.50\webapps\ROOT has finished in 62 ms
31-Dec-2019 18:42:03.128 信息 [main] org.apache.coyote.AbstractProtocol.start Starting ProtocolHandler ["http-nio-8080"]
31-Dec-2019 18:42:03.152 信息 [main] org.apache.coyote.AbstractProtocol.start Starting ProtocolHandler ["ajp-nio-8009"]
31-Dec-2019 18:42:03.166 信息 [main] org.apache.catalina.startup.Catalina.start Server startup in 2158 ms
